Using pre-set license
Built from '2020.3/staging' branch; Version is '2020.3.17f1 (a4537701e4ab) revision 10769271'; Using compiler version '192528614'; Build Type 'Release'
OS: 'Windows 10 Enterprise; OS build 19041.1415; Version 2004; 64bit' Language: 'zh' Physical Memory: 28566 MB
BatchMode: 1, IsHumanControllingUs: 0, StartBugReporterOnCrash: 0, Is64bit: 1, IsPro: 0

COMMAND LINE ARGUMENTS:
C:\Program Files\Unity\Hub\Editor\2020.3.17f1\Editor\Unity.exe
-adb2
-batchMode
-noUpm
-name
AssetImportWorker0
-projectPath
C:/Users/danny/Desktop/Game/VikingRunning
-logFile
Logs/AssetImportWorker0.log
-srvPort
1084
Successfully changed project path to: C:/Users/danny/Desktop/Game/VikingRunning
C:/Users/danny/Desktop/Game/VikingRunning
Using Asset Import Pipeline V2.
Refreshing native plugins compatible for Editor in 51.94 ms, found 2 plugins.
Preloading 0 native plugins for Editor in 0.00 ms.
Initialize engine version: 2020.3.17f1 (a4537701e4ab)
[Subsystems] Discovering subsystems at path C:/Program Files/Unity/Hub/Editor/2020.3.17f1/Editor/Data/Resources/UnitySubsystems
[Subsystems] Discovering subsystems at path C:/Users/danny/Desktop/Game/VikingRunning/Assets
GfxDevice: creating device client; threaded=0
Direct3D:
    Version:  Direct3D 11.0 [level 11.1]
    Renderer: AMD Radeon(TM) Graphics (ID=0x1636)
    Vendor:   
    VRAM:     14283 MB
    Driver:   30.0.13025.5005
Initialize mono
Mono path[0] = 'C:/Program Files/Unity/Hub/Editor/2020.3.17f1/Editor/Data/Managed'
Mono path[1] = 'C:/Program Files/Unity/Hub/Editor/2020.3.17f1/Editor/Data/MonoBleedingEdge/lib/mono/unityjit'
Mono config path = 'C:/Program Files/Unity/Hub/Editor/2020.3.17f1/Editor/Data/MonoBleedingEdge/etc'
Using monoOptions --debugger-agent=transport=dt_socket,embedding=1,server=y,suspend=n,address=127.0.0.1:56092
Begin MonoManager ReloadAssembly
Registering precompiled unity dll's ...
Register platform support module: C:/Program Files/Unity/Hub/Editor/2020.3.17f1/Editor/Data/PlaybackEngines/WindowsStandaloneSupport/UnityEditor.WindowsStandalone.Extensions.dll
Registered in 0.010765 seconds.
Native extension for WindowsStandalone target not found
Refreshing native plugins compatible for Editor in 43.01 ms, found 2 plugins.
Preloading 0 native plugins for Editor in 0.00 ms.
Mono: successfully reloaded assembly
- Completed reload, in  2.369 seconds
Domain Reload Profiling:
	ReloadAssembly (2370ms)
		BeginReloadAssembly (151ms)
			ExecutionOrderSort (0ms)
			DisableScriptedObjects (0ms)
			BackupInstance (0ms)
			ReleaseScriptingObjects (0ms)
			CreateAndSetChildDomain (1ms)
		EndReloadAssembly (527ms)
			LoadAssemblies (139ms)
			RebuildTransferFunctionScriptingTraits (0ms)
			SetupTypeCache (166ms)
			ReleaseScriptCaches (0ms)
			RebuildScriptCaches (35ms)
			SetupLoadedEditorAssemblies (196ms)
				LogAssemblyErrors (0ms)
				InitializePlatformSupportModulesInManaged (6ms)
				SetLoadedEditorAssemblies (0ms)
				RefreshPlugins (43ms)
				BeforeProcessingInitializeOnLoad (20ms)
				ProcessInitializeOnLoadAttributes (88ms)
				ProcessInitializeOnLoadMethodAttributes (39ms)
				AfterProcessingInitializeOnLoad (0ms)
				EditorAssembliesLoaded (0ms)
			ExecutionOrderSort2 (0ms)
			AwakeInstancesAfterBackupRestoration (0ms)
Platform modules already initialized, skipping
Registering precompiled user dll's ...
Registered in 0.017653 seconds.
Begin MonoManager ReloadAssembly
Native extension for WindowsStandalone target not found
Refreshing native plugins compatible for Editor in 0.48 ms, found 2 plugins.
Preloading 0 native plugins for Editor in 0.00 ms.
Mono: successfully reloaded assembly
- Completed reload, in  1.612 seconds
Domain Reload Profiling:
	ReloadAssembly (1614ms)
		BeginReloadAssembly (248ms)
			ExecutionOrderSort (0ms)
			DisableScriptedObjects (5ms)
			BackupInstance (0ms)
			ReleaseScriptingObjects (0ms)
			CreateAndSetChildDomain (22ms)
		EndReloadAssembly (1233ms)
			LoadAssemblies (202ms)
			RebuildTransferFunctionScriptingTraits (0ms)
			SetupTypeCache (332ms)
			ReleaseScriptCaches (0ms)
			RebuildScriptCaches (51ms)
			SetupLoadedEditorAssemblies (587ms)
				LogAssemblyErrors (0ms)
				InitializePlatformSupportModulesInManaged (10ms)
				SetLoadedEditorAssemblies (0ms)
				RefreshPlugins (1ms)
				BeforeProcessingInitializeOnLoad (154ms)
				ProcessInitializeOnLoadAttributes (377ms)
				ProcessInitializeOnLoadMethodAttributes (5ms)
				AfterProcessingInitializeOnLoad (41ms)
				EditorAssembliesLoaded (0ms)
			ExecutionOrderSort2 (0ms)
			AwakeInstancesAfterBackupRestoration (7ms)
Platform modules already initialized, skipping
========================================================================
Worker process is ready to serve import requests
Launched and connected shader compiler UnityShaderCompiler.exe after 0.07 seconds
Refreshing native plugins compatible for Editor in 0.67 ms, found 2 plugins.
Preloading 0 native plugins for Editor in 0.00 ms.
Unloading 1555 Unused Serialized files (Serialized files now loaded: 0)
System memory in use before: 78.7 MB.
System memory in use after: 78.8 MB.

Unloading 19 unused Assets to reduce memory usage. Loaded Objects now: 2004.
Total: 3.686200 ms (FindLiveObjects: 0.224500 ms CreateObjectMapping: 0.055400 ms MarkObjects: 3.298300 ms  DeleteObjects: 0.106000 ms)

AssetImportParameters requested are different than current active one (requested -> active):
  custom:framework-win-MediaFoundation: 216162199b28c13a410421893ffa2e32 -> 
  custom:video-decoder-ogg-theora: a1e56fd34408186e4bbccfd4996cb3dc -> 
  custom:container-muxer-webm: aa71ff27fc2769a1b78a27578f13a17b -> 
  custom:container-demuxer-webm: 4f35f7cbe854078d1ac9338744f61a02 -> 
  custom:container-demuxer-ogg: 62fdf1f143b41e24485cea50d1cbac27 -> 
  custom:video-encoder-webm-vp8: eb34c28f22e8b96e1ab97ce403110664 -> 
  custom:video-decoder-webm-vp8: 9c59270c3fd7afecdb556c50c9e8de78 -> 
  custom:audio-decoder-ogg-vorbis: bf7c407c2cedff20999df2af8eb42d56 -> 
  custom:audio-encoder-webm-vorbis: bf7c407c2cedff20999df2af8eb42d56 -> 
========================================================================
Received Import Request.
  path: Assets/Scenes/GameScene.unity
  artifactKey: Guid(9fc0d4010bbf28b4594072e72b8655ab) Importer(815301076,1909f56bfc062723c751e8b465ee728b)
Start importing Assets/Scenes/GameScene.unity using Guid(9fc0d4010bbf28b4594072e72b8655ab) Importer(815301076,1909f56bfc062723c751e8b465ee728b)  -> (artifact id: 'baabd571b06c9ac5fda64e497f6f6bd5') in 0.020450 seconds 
  Import took 0.023752 seconds .

========================================================================
Received Import Request.
  Time since last request: 311.517064 seconds.
  path: Assets/Scripts/Game_Scripts/ObstacleSpawning.cs
  artifactKey: Guid(7cd44ecf791871849b11b6c5bf9987eb) Importer(815301076,1909f56bfc062723c751e8b465ee728b)
Start importing Assets/Scripts/Game_Scripts/ObstacleSpawning.cs using Guid(7cd44ecf791871849b11b6c5bf9987eb) Importer(815301076,1909f56bfc062723c751e8b465ee728b)  -> (artifact id: '52df26909c266caa1dd51a5888f46fa5') in 0.032697 seconds 
  Import took 0.035485 seconds .

========================================================================
Received Prepare
Registering precompiled user dll's ...
Registered in 0.014237 seconds.
Begin MonoManager ReloadAssembly
Native extension for WindowsStandalone target not found
Refreshing native plugins compatible for Editor in 0.43 ms, found 2 plugins.
Preloading 0 native plugins for Editor in 0.00 ms.
Mono: successfully reloaded assembly
- Completed reload, in  1.359 seconds
Domain Reload Profiling:
	ReloadAssembly (1359ms)
		BeginReloadAssembly (184ms)
			ExecutionOrderSort (0ms)
			DisableScriptedObjects (4ms)
			BackupInstance (0ms)
			ReleaseScriptingObjects (0ms)
			CreateAndSetChildDomain (32ms)
		EndReloadAssembly (1065ms)
			LoadAssemblies (179ms)
			RebuildTransferFunctionScriptingTraits (0ms)
			SetupTypeCache (294ms)
			ReleaseScriptCaches (1ms)
			RebuildScriptCaches (42ms)
			SetupLoadedEditorAssemblies (480ms)
				LogAssemblyErrors (0ms)
				InitializePlatformSupportModulesInManaged (6ms)
				SetLoadedEditorAssemblies (0ms)
				RefreshPlugins (1ms)
				BeforeProcessingInitializeOnLoad (124ms)
				ProcessInitializeOnLoadAttributes (309ms)
				ProcessInitializeOnLoadMethodAttributes (4ms)
				AfterProcessingInitializeOnLoad (36ms)
				EditorAssembliesLoaded (0ms)
			ExecutionOrderSort2 (0ms)
			AwakeInstancesAfterBackupRestoration (6ms)
Platform modules already initialized, skipping
Refreshing native plugins compatible for Editor in 0.47 ms, found 2 plugins.
Preloading 0 native plugins for Editor in 0.00 ms.
Unloading 1547 Unused Serialized files (Serialized files now loaded: 0)
System memory in use before: 78.5 MB.
System memory in use after: 78.6 MB.

Unloading 14 unused Assets to reduce memory usage. Loaded Objects now: 2006.
Total: 3.189300 ms (FindLiveObjects: 0.180000 ms CreateObjectMapping: 0.037800 ms MarkObjects: 2.945700 ms  DeleteObjects: 0.024900 ms)

AssetImportParameters requested are different than current active one (requested -> active):
  custom:framework-win-MediaFoundation: 216162199b28c13a410421893ffa2e32 -> 
  custom:video-decoder-ogg-theora: a1e56fd34408186e4bbccfd4996cb3dc -> 
  custom:container-muxer-webm: aa71ff27fc2769a1b78a27578f13a17b -> 
  custom:container-demuxer-webm: 4f35f7cbe854078d1ac9338744f61a02 -> 
  custom:container-demuxer-ogg: 62fdf1f143b41e24485cea50d1cbac27 -> 
  custom:video-encoder-webm-vp8: eb34c28f22e8b96e1ab97ce403110664 -> 
  custom:video-decoder-webm-vp8: 9c59270c3fd7afecdb556c50c9e8de78 -> 
  custom:audio-decoder-ogg-vorbis: bf7c407c2cedff20999df2af8eb42d56 -> 
  custom:audio-encoder-webm-vorbis: bf7c407c2cedff20999df2af8eb42d56 -> 
========================================================================
Received Import Request.
  Time since last request: 21.156365 seconds.
  path: Assets/Prefabs/Road.prefab
  artifactKey: Guid(c1fc5e6152c60884c8eae9915858949b) Importer(815301076,1909f56bfc062723c751e8b465ee728b)
Start importing Assets/Prefabs/Road.prefab using Guid(c1fc5e6152c60884c8eae9915858949b) Importer(815301076,1909f56bfc062723c751e8b465ee728b)  -> (artifact id: '5734dd77f1fc1abff5a477b0fd251f69') in 0.112225 seconds 
  Import took 0.115127 seconds .

========================================================================
Received Import Request.
  Time since last request: 2.666282 seconds.
  path: Assets/Prefabs/Blocks/LeftBlock.prefab
  artifactKey: Guid(faa2c15e6a43ba94a96aa4b9eee58985) Importer(815301076,1909f56bfc062723c751e8b465ee728b)
Start importing Assets/Prefabs/Blocks/LeftBlock.prefab using Guid(faa2c15e6a43ba94a96aa4b9eee58985) Importer(815301076,1909f56bfc062723c751e8b465ee728b)  -> (artifact id: '654219f92e1529babfc854f170d5085f') in 0.686662 seconds 
  Import took 0.757128 seconds .

========================================================================
Received Import Request.
  Time since last request: 0.000276 seconds.
  path: Assets/Prefabs/Blocks/StraightBlock.prefab
  artifactKey: Guid(0a5d53657311f364f826a2daaab3fc78) Importer(815301076,1909f56bfc062723c751e8b465ee728b)
Start importing Assets/Prefabs/Blocks/StraightBlock.prefab using Guid(0a5d53657311f364f826a2daaab3fc78) Importer(815301076,1909f56bfc062723c751e8b465ee728b)  -> (artifact id: '76f9fc7964612c83332ac121db4ebeff') in 0.623433 seconds 
  Import took 0.685569 seconds .

========================================================================
Received Import Request.
  Time since last request: 0.000363 seconds.
  path: Assets/Prefabs/Blocks/RightBlock.prefab
  artifactKey: Guid(87068dd66d040324ba0388609c2f2041) Importer(815301076,1909f56bfc062723c751e8b465ee728b)
Start importing Assets/Prefabs/Blocks/RightBlock.prefab using Guid(87068dd66d040324ba0388609c2f2041) Importer(815301076,1909f56bfc062723c751e8b465ee728b)  -> (artifact id: 'a0fd9b027545646ed3a9adc5839fca42') in 0.690279 seconds 
  Import took 0.759751 seconds .

========================================================================
Received Import Request.
  Time since last request: 0.000276 seconds.
  path: Assets/Prefabs/Blocks/TBlock.prefab
  artifactKey: Guid(346b11e73eb251f4e88b7d420ade2555) Importer(815301076,1909f56bfc062723c751e8b465ee728b)
Start importing Assets/Prefabs/Blocks/TBlock.prefab using Guid(346b11e73eb251f4e88b7d420ade2555) Importer(815301076,1909f56bfc062723c751e8b465ee728b)  -> (artifact id: '407ff85b03ff9d7730e1192f816ad26b') in 0.771213 seconds 
  Import took 0.851758 seconds .

========================================================================
Received Import Request.
  Time since last request: 27.012880 seconds.
  path: Assets/Prefabs/Blocks/LeftBlock.prefab
  artifactKey: Guid(faa2c15e6a43ba94a96aa4b9eee58985) Importer(815301076,1909f56bfc062723c751e8b465ee728b)
Start importing Assets/Prefabs/Blocks/LeftBlock.prefab using Guid(faa2c15e6a43ba94a96aa4b9eee58985) Importer(815301076,1909f56bfc062723c751e8b465ee728b)  -> (artifact id: '704b10cc17a84294952a2db9e8e59400') in 0.692009 seconds 
  Import took 0.762805 seconds .

========================================================================
Received Import Request.
  Time since last request: 4.065986 seconds.
  path: Assets/Prefabs/Blocks/LeftBlock.prefab
  artifactKey: Guid(faa2c15e6a43ba94a96aa4b9eee58985) Importer(815301076,1909f56bfc062723c751e8b465ee728b)
Start importing Assets/Prefabs/Blocks/LeftBlock.prefab using Guid(faa2c15e6a43ba94a96aa4b9eee58985) Importer(815301076,1909f56bfc062723c751e8b465ee728b)  -> (artifact id: '00be945963930f3eb6128cd41a589597') in 0.694359 seconds 
  Import took 0.765796 seconds .

========================================================================
Received Import Request.
  Time since last request: 33.191543 seconds.
  path: Assets/Prefabs/Blocks/LeftBlock.prefab
  artifactKey: Guid(faa2c15e6a43ba94a96aa4b9eee58985) Importer(815301076,1909f56bfc062723c751e8b465ee728b)
Start importing Assets/Prefabs/Blocks/LeftBlock.prefab using Guid(faa2c15e6a43ba94a96aa4b9eee58985) Importer(815301076,1909f56bfc062723c751e8b465ee728b)  -> (artifact id: '264b8c34d36b2dba642d1dbf5ff777db') in 0.709244 seconds 
  Import took 0.782565 seconds .

========================================================================
Received Import Request.
  Time since last request: 6.302164 seconds.
  path: Assets/Prefabs/Blocks/LeftBlock.prefab
  artifactKey: Guid(faa2c15e6a43ba94a96aa4b9eee58985) Importer(815301076,1909f56bfc062723c751e8b465ee728b)
Start importing Assets/Prefabs/Blocks/LeftBlock.prefab using Guid(faa2c15e6a43ba94a96aa4b9eee58985) Importer(815301076,1909f56bfc062723c751e8b465ee728b)  -> (artifact id: '14ba4d3ef3e14dc2969a271d90bddf2f') in 0.703713 seconds 
  Import took 0.774960 seconds .

========================================================================
Received Import Request.
  Time since last request: 6.140081 seconds.
  path: Assets/Prefabs/Blocks/LeftBlock.prefab
  artifactKey: Guid(faa2c15e6a43ba94a96aa4b9eee58985) Importer(815301076,1909f56bfc062723c751e8b465ee728b)
Start importing Assets/Prefabs/Blocks/LeftBlock.prefab using Guid(faa2c15e6a43ba94a96aa4b9eee58985) Importer(815301076,1909f56bfc062723c751e8b465ee728b)  -> (artifact id: '84c71598493245fd8c780002f7d7e077') in 0.711772 seconds 
  Import took 0.784198 seconds .

========================================================================
Received Import Request.
  Time since last request: 137.397567 seconds.
  path: Assets/Prefabs/Obstacles/Barrel_1.prefab
  artifactKey: Guid(e4bb8f21806caca40b8b5bb3846b09bf) Importer(815301076,1909f56bfc062723c751e8b465ee728b)
Start importing Assets/Prefabs/Obstacles/Barrel_1.prefab using Guid(e4bb8f21806caca40b8b5bb3846b09bf) Importer(815301076,1909f56bfc062723c751e8b465ee728b)  -> (artifact id: '91af800273f45f1f3defafd1a5cf237c') in 0.037831 seconds 
  Import took 0.041389 seconds .

========================================================================
Received Import Request.
  Time since last request: 15.214835 seconds.
  path: Assets/Prefabs/Obstacles/Barrel_1.prefab
  artifactKey: Guid(e4bb8f21806caca40b8b5bb3846b09bf) Importer(815301076,1909f56bfc062723c751e8b465ee728b)
Start importing Assets/Prefabs/Obstacles/Barrel_1.prefab using Guid(e4bb8f21806caca40b8b5bb3846b09bf) Importer(815301076,1909f56bfc062723c751e8b465ee728b)  -> (artifact id: '1962744975f08f6c9eee74b3939e9b39') in 0.036305 seconds 
  Import took 0.039717 seconds .

========================================================================
Received Import Request.
  Time since last request: 7.372890 seconds.
  path: Assets/Prefabs/Obstacles/Barrel_1.prefab
  artifactKey: Guid(e4bb8f21806caca40b8b5bb3846b09bf) Importer(815301076,1909f56bfc062723c751e8b465ee728b)
Start importing Assets/Prefabs/Obstacles/Barrel_1.prefab using Guid(e4bb8f21806caca40b8b5bb3846b09bf) Importer(815301076,1909f56bfc062723c751e8b465ee728b)  -> (artifact id: '40606f0513e8dddfe8ab317994871431') in 0.035682 seconds 
  Import took 0.039249 seconds .

========================================================================
Received Import Request.
  Time since last request: 3.947879 seconds.
  path: Assets/Prefabs/Obstacles/Barrel_1.prefab
  artifactKey: Guid(e4bb8f21806caca40b8b5bb3846b09bf) Importer(815301076,1909f56bfc062723c751e8b465ee728b)
Start importing Assets/Prefabs/Obstacles/Barrel_1.prefab using Guid(e4bb8f21806caca40b8b5bb3846b09bf) Importer(815301076,1909f56bfc062723c751e8b465ee728b)  -> (artifact id: '18888b5da1c812fc48e33be6b136258a') in 0.036802 seconds 
  Import took 0.040265 seconds .

========================================================================
Received Import Request.
  Time since last request: 2.522459 seconds.
  path: Assets/Prefabs/Obstacles/Barrel_1.prefab
  artifactKey: Guid(e4bb8f21806caca40b8b5bb3846b09bf) Importer(815301076,1909f56bfc062723c751e8b465ee728b)
Start importing Assets/Prefabs/Obstacles/Barrel_1.prefab using Guid(e4bb8f21806caca40b8b5bb3846b09bf) Importer(815301076,1909f56bfc062723c751e8b465ee728b)  -> (artifact id: '13f5a13c71df3a25356e1554b4e26731') in 0.037662 seconds 
  Import took 0.041213 seconds .

========================================================================
Received Import Request.
  Time since last request: 4.134610 seconds.
  path: Assets/Prefabs/Obstacles/Barrel_1.prefab
  artifactKey: Guid(e4bb8f21806caca40b8b5bb3846b09bf) Importer(815301076,1909f56bfc062723c751e8b465ee728b)
Start importing Assets/Prefabs/Obstacles/Barrel_1.prefab using Guid(e4bb8f21806caca40b8b5bb3846b09bf) Importer(815301076,1909f56bfc062723c751e8b465ee728b)  -> (artifact id: '945eef8b52d7e4d3da3258c182d6af45') in 0.035661 seconds 
  Import took 0.039283 seconds .

========================================================================
Received Import Request.
  Time since last request: 1.711709 seconds.
  path: Assets/Prefabs/Obstacles/Barrel_1.prefab
  artifactKey: Guid(e4bb8f21806caca40b8b5bb3846b09bf) Importer(815301076,1909f56bfc062723c751e8b465ee728b)
Start importing Assets/Prefabs/Obstacles/Barrel_1.prefab using Guid(e4bb8f21806caca40b8b5bb3846b09bf) Importer(815301076,1909f56bfc062723c751e8b465ee728b)  -> (artifact id: '20a078cd51870167ed04208a245e93b4') in 0.035548 seconds 
  Import took 0.039261 seconds .

========================================================================
Received Import Request.
  Time since last request: 13.083466 seconds.
  path: Assets/Prefabs/Obstacles/Barrel_2.prefab
  artifactKey: Guid(ed655598a9fd30745b8ebabed52869d3) Importer(815301076,1909f56bfc062723c751e8b465ee728b)
Start importing Assets/Prefabs/Obstacles/Barrel_2.prefab using Guid(ed655598a9fd30745b8ebabed52869d3) Importer(815301076,1909f56bfc062723c751e8b465ee728b)  -> (artifact id: '232ec140a410f938c5872621e1f4108f') in 0.028859 seconds 
  Import took 0.032658 seconds .

========================================================================
Received Import Request.
  Time since last request: 8.582394 seconds.
  path: Assets/Prefabs/Obstacles/Barrel_2.prefab
  artifactKey: Guid(ed655598a9fd30745b8ebabed52869d3) Importer(815301076,1909f56bfc062723c751e8b465ee728b)
Start importing Assets/Prefabs/Obstacles/Barrel_2.prefab using Guid(ed655598a9fd30745b8ebabed52869d3) Importer(815301076,1909f56bfc062723c751e8b465ee728b)  -> (artifact id: '189e74d7ef3d066478609eddd291290f') in 0.036887 seconds 
  Import took 0.040345 seconds .

========================================================================
Received Import Request.
  Time since last request: 6.166373 seconds.
  path: Assets/Prefabs/Obstacles/Barrel_2.prefab
  artifactKey: Guid(ed655598a9fd30745b8ebabed52869d3) Importer(815301076,1909f56bfc062723c751e8b465ee728b)
Start importing Assets/Prefabs/Obstacles/Barrel_2.prefab using Guid(ed655598a9fd30745b8ebabed52869d3) Importer(815301076,1909f56bfc062723c751e8b465ee728b)  -> (artifact id: '4a7931d19e34058751ea3956369a69ba') in 0.036648 seconds 
  Import took 0.040909 seconds .

========================================================================
Received Import Request.
  Time since last request: 4.129503 seconds.
  path: Assets/Prefabs/Obstacles/Barrel_2.prefab
  artifactKey: Guid(ed655598a9fd30745b8ebabed52869d3) Importer(815301076,1909f56bfc062723c751e8b465ee728b)
Start importing Assets/Prefabs/Obstacles/Barrel_2.prefab using Guid(ed655598a9fd30745b8ebabed52869d3) Importer(815301076,1909f56bfc062723c751e8b465ee728b)  -> (artifact id: '40930034f5bb5978a780610325f9d383') in 0.037216 seconds 
  Import took 0.040821 seconds .

========================================================================
Received Import Request.
  Time since last request: 3.735661 seconds.
  path: Assets/Prefabs/Obstacles/Barrel_2.prefab
  artifactKey: Guid(ed655598a9fd30745b8ebabed52869d3) Importer(815301076,1909f56bfc062723c751e8b465ee728b)
Start importing Assets/Prefabs/Obstacles/Barrel_2.prefab using Guid(ed655598a9fd30745b8ebabed52869d3) Importer(815301076,1909f56bfc062723c751e8b465ee728b)  -> (artifact id: '7cb657675088bb64a40b6748bda202e4') in 0.039696 seconds 
  Import took 0.043504 seconds .

========================================================================
Received Import Request.
  Time since last request: 4.005504 seconds.
  path: Assets/Prefabs/Obstacles/Crate_1.prefab
  artifactKey: Guid(182976a30d0f87743b338e4a4b6e053a) Importer(815301076,1909f56bfc062723c751e8b465ee728b)
Start importing Assets/Prefabs/Obstacles/Crate_1.prefab using Guid(182976a30d0f87743b338e4a4b6e053a) Importer(815301076,1909f56bfc062723c751e8b465ee728b)  -> (artifact id: '4f148a543b5f547da85e4c0a04214ee2') in 0.034272 seconds 
  Import took 0.038621 seconds .

========================================================================
Received Import Request.
  Time since last request: 8.399039 seconds.
  path: Assets/Prefabs/Obstacles/Crate_1.prefab
  artifactKey: Guid(182976a30d0f87743b338e4a4b6e053a) Importer(815301076,1909f56bfc062723c751e8b465ee728b)
Start importing Assets/Prefabs/Obstacles/Crate_1.prefab using Guid(182976a30d0f87743b338e4a4b6e053a) Importer(815301076,1909f56bfc062723c751e8b465ee728b)  -> (artifact id: 'ab5a15792780f3bd0a6765bb6fcde518') in 0.035072 seconds 
  Import took 0.038560 seconds .

========================================================================
Received Import Request.
  Time since last request: 42.436236 seconds.
  path: Assets/Prefabs/Obstacles/Crate_1.prefab
  artifactKey: Guid(182976a30d0f87743b338e4a4b6e053a) Importer(815301076,1909f56bfc062723c751e8b465ee728b)
Start importing Assets/Prefabs/Obstacles/Crate_1.prefab using Guid(182976a30d0f87743b338e4a4b6e053a) Importer(815301076,1909f56bfc062723c751e8b465ee728b)  -> (artifact id: 'e7d8f705e5f05aeed69e43280bb1ebf9') in 0.036188 seconds 
  Import took 0.039851 seconds .

========================================================================
Received Import Request.
  Time since last request: 7.157065 seconds.
  path: Assets/Prefabs/Obstacles/Crate_1.prefab
  artifactKey: Guid(182976a30d0f87743b338e4a4b6e053a) Importer(815301076,1909f56bfc062723c751e8b465ee728b)
Start importing Assets/Prefabs/Obstacles/Crate_1.prefab using Guid(182976a30d0f87743b338e4a4b6e053a) Importer(815301076,1909f56bfc062723c751e8b465ee728b)  -> (artifact id: 'a32f4c75e30388c4490400b0c8af3d96') in 0.036198 seconds 
  Import took 0.039749 seconds .

========================================================================
Received Import Request.
  Time since last request: 2.526252 seconds.
  path: Assets/Prefabs/Obstacles/Crate_1.prefab
  artifactKey: Guid(182976a30d0f87743b338e4a4b6e053a) Importer(815301076,1909f56bfc062723c751e8b465ee728b)
Start importing Assets/Prefabs/Obstacles/Crate_1.prefab using Guid(182976a30d0f87743b338e4a4b6e053a) Importer(815301076,1909f56bfc062723c751e8b465ee728b)  -> (artifact id: '866d4c44c8c942746f3d75654eb20088') in 0.035978 seconds 
  Import took 0.039717 seconds .

========================================================================
Received Import Request.
  Time since last request: 2.318157 seconds.
  path: Assets/Prefabs/Obstacles/Crate_1.prefab
  artifactKey: Guid(182976a30d0f87743b338e4a4b6e053a) Importer(815301076,1909f56bfc062723c751e8b465ee728b)
Start importing Assets/Prefabs/Obstacles/Crate_1.prefab using Guid(182976a30d0f87743b338e4a4b6e053a) Importer(815301076,1909f56bfc062723c751e8b465ee728b)  -> (artifact id: '7ab73339923b93becb4d3513af962a34') in 0.034773 seconds 
  Import took 0.038894 seconds .

========================================================================
Received Import Request.
  Time since last request: 2.125196 seconds.
  path: Assets/Prefabs/Obstacles/Crate_1.prefab
  artifactKey: Guid(182976a30d0f87743b338e4a4b6e053a) Importer(815301076,1909f56bfc062723c751e8b465ee728b)
Start importing Assets/Prefabs/Obstacles/Crate_1.prefab using Guid(182976a30d0f87743b338e4a4b6e053a) Importer(815301076,1909f56bfc062723c751e8b465ee728b)  -> (artifact id: '8143c65d823b2d125a245fbaf3511320') in 0.036669 seconds 
  Import took 0.040403 seconds .

========================================================================
Received Import Request.
  Time since last request: 3.533392 seconds.
  path: Assets/Prefabs/Obstacles/Crate_1.prefab
  artifactKey: Guid(182976a30d0f87743b338e4a4b6e053a) Importer(815301076,1909f56bfc062723c751e8b465ee728b)
Start importing Assets/Prefabs/Obstacles/Crate_1.prefab using Guid(182976a30d0f87743b338e4a4b6e053a) Importer(815301076,1909f56bfc062723c751e8b465ee728b)  -> (artifact id: 'a59a49655dcce098978a3255f8574b9b') in 0.031221 seconds 
  Import took 0.034791 seconds .

========================================================================
Received Import Request.
  Time since last request: 1.729264 seconds.
  path: Assets/Prefabs/Obstacles/Crate_1.prefab
  artifactKey: Guid(182976a30d0f87743b338e4a4b6e053a) Importer(815301076,1909f56bfc062723c751e8b465ee728b)
Start importing Assets/Prefabs/Obstacles/Crate_1.prefab using Guid(182976a30d0f87743b338e4a4b6e053a) Importer(815301076,1909f56bfc062723c751e8b465ee728b)  -> (artifact id: '1a4fd63c90970cc6e1ab068b8b1fffde') in 0.035645 seconds 
  Import took 0.039556 seconds .

========================================================================
Received Import Request.
  Time since last request: 5.566596 seconds.
  path: Assets/Prefabs/Obstacles/Crate_2.prefab
  artifactKey: Guid(23aa41fe7f4116348bd03f938098ae29) Importer(815301076,1909f56bfc062723c751e8b465ee728b)
Start importing Assets/Prefabs/Obstacles/Crate_2.prefab using Guid(23aa41fe7f4116348bd03f938098ae29) Importer(815301076,1909f56bfc062723c751e8b465ee728b)  -> (artifact id: 'b73a8dc6e64cefebb9b2f40786fd8619') in 0.034081 seconds 
  Import took 0.037849 seconds .

========================================================================
Received Import Request.
  Time since last request: 8.587584 seconds.
  path: Assets/Prefabs/Obstacles/Crate_2.prefab
  artifactKey: Guid(23aa41fe7f4116348bd03f938098ae29) Importer(815301076,1909f56bfc062723c751e8b465ee728b)
Start importing Assets/Prefabs/Obstacles/Crate_2.prefab using Guid(23aa41fe7f4116348bd03f938098ae29) Importer(815301076,1909f56bfc062723c751e8b465ee728b)  -> (artifact id: '13a9391961e05d7f1c37b922a341c05b') in 0.035690 seconds 
  Import took 0.039518 seconds .

========================================================================
Received Import Request.
  Time since last request: 3.538864 seconds.
  path: Assets/Prefabs/Obstacles/Crate_2.prefab
  artifactKey: Guid(23aa41fe7f4116348bd03f938098ae29) Importer(815301076,1909f56bfc062723c751e8b465ee728b)
Start importing Assets/Prefabs/Obstacles/Crate_2.prefab using Guid(23aa41fe7f4116348bd03f938098ae29) Importer(815301076,1909f56bfc062723c751e8b465ee728b)  -> (artifact id: 'b3311b3d68567b2b3e3de0a56d914eb5') in 0.039821 seconds 
  Import took 0.043903 seconds .

========================================================================
Received Import Request.
  Time since last request: 4.333607 seconds.
  path: Assets/Prefabs/Obstacles/Crate_2.prefab
  artifactKey: Guid(23aa41fe7f4116348bd03f938098ae29) Importer(815301076,1909f56bfc062723c751e8b465ee728b)
Start importing Assets/Prefabs/Obstacles/Crate_2.prefab using Guid(23aa41fe7f4116348bd03f938098ae29) Importer(815301076,1909f56bfc062723c751e8b465ee728b)  -> (artifact id: '355eb05eea244635045a634ccb5fe6bb') in 0.036627 seconds 
  Import took 0.040509 seconds .

========================================================================
Received Import Request.
  Time since last request: 2.313222 seconds.
  path: Assets/Prefabs/Obstacles/Crate_2.prefab
  artifactKey: Guid(23aa41fe7f4116348bd03f938098ae29) Importer(815301076,1909f56bfc062723c751e8b465ee728b)
Start importing Assets/Prefabs/Obstacles/Crate_2.prefab using Guid(23aa41fe7f4116348bd03f938098ae29) Importer(815301076,1909f56bfc062723c751e8b465ee728b)  -> (artifact id: '8a890aa5ab493006bce241b044b5cb14') in 0.037322 seconds 
  Import took 0.040870 seconds .

========================================================================
Received Import Request.
  Time since last request: 10.170803 seconds.
  path: Assets/Prefabs/Obstacles/Crate_2.prefab
  artifactKey: Guid(23aa41fe7f4116348bd03f938098ae29) Importer(815301076,1909f56bfc062723c751e8b465ee728b)
Start importing Assets/Prefabs/Obstacles/Crate_2.prefab using Guid(23aa41fe7f4116348bd03f938098ae29) Importer(815301076,1909f56bfc062723c751e8b465ee728b)  -> (artifact id: '46a03720dd26732b4702903ce541dae2') in 0.038086 seconds 
  Import took 0.042262 seconds .

========================================================================
Received Import Request.
  Time since last request: 9.182917 seconds.
  path: Assets/Prefabs/Obstacles/Crate_2.prefab
  artifactKey: Guid(23aa41fe7f4116348bd03f938098ae29) Importer(815301076,1909f56bfc062723c751e8b465ee728b)
Start importing Assets/Prefabs/Obstacles/Crate_2.prefab using Guid(23aa41fe7f4116348bd03f938098ae29) Importer(815301076,1909f56bfc062723c751e8b465ee728b)  -> (artifact id: '6e5cc14be108c13fdafe81ca3fd4699f') in 0.035216 seconds 
  Import took 0.038706 seconds .

========================================================================
Received Import Request.
  Time since last request: 2.113994 seconds.
  path: Assets/Prefabs/Obstacles/Crate_2.prefab
  artifactKey: Guid(23aa41fe7f4116348bd03f938098ae29) Importer(815301076,1909f56bfc062723c751e8b465ee728b)
Start importing Assets/Prefabs/Obstacles/Crate_2.prefab using Guid(23aa41fe7f4116348bd03f938098ae29) Importer(815301076,1909f56bfc062723c751e8b465ee728b)  -> (artifact id: 'f50152b0665662e75e3c6b5465efe3bb') in 0.035857 seconds 
  Import took 0.039494 seconds .

========================================================================
Received Import Request.
  Time since last request: 2.310856 seconds.
  path: Assets/Prefabs/Obstacles/Crate_2.prefab
  artifactKey: Guid(23aa41fe7f4116348bd03f938098ae29) Importer(815301076,1909f56bfc062723c751e8b465ee728b)
Start importing Assets/Prefabs/Obstacles/Crate_2.prefab using Guid(23aa41fe7f4116348bd03f938098ae29) Importer(815301076,1909f56bfc062723c751e8b465ee728b)  -> (artifact id: '3dab5ffa799ab0b13dbef09ce2e90b9d') in 0.038566 seconds 
  Import took 0.043164 seconds .

========================================================================
Received Import Request.
  Time since last request: 4.131569 seconds.
  path: Assets/Prefabs/Obstacles/Crate_2.prefab
  artifactKey: Guid(23aa41fe7f4116348bd03f938098ae29) Importer(815301076,1909f56bfc062723c751e8b465ee728b)
Start importing Assets/Prefabs/Obstacles/Crate_2.prefab using Guid(23aa41fe7f4116348bd03f938098ae29) Importer(815301076,1909f56bfc062723c751e8b465ee728b)  -> (artifact id: 'd495f6d440937b6c1d2d111cda4f18c9') in 0.037060 seconds 
  Import took 0.040599 seconds .

========================================================================
Received Import Request.
  Time since last request: 2.320311 seconds.
  path: Assets/Prefabs/Obstacles/Crate_2.prefab
  artifactKey: Guid(23aa41fe7f4116348bd03f938098ae29) Importer(815301076,1909f56bfc062723c751e8b465ee728b)
Start importing Assets/Prefabs/Obstacles/Crate_2.prefab using Guid(23aa41fe7f4116348bd03f938098ae29) Importer(815301076,1909f56bfc062723c751e8b465ee728b)  -> (artifact id: '2216437b060175c2b983d38196196a24') in 0.035279 seconds 
  Import took 0.038960 seconds .

========================================================================
Received Import Request.
  Time since last request: 2.927324 seconds.
  path: Assets/Prefabs/Obstacles/Crate_2.prefab
  artifactKey: Guid(23aa41fe7f4116348bd03f938098ae29) Importer(815301076,1909f56bfc062723c751e8b465ee728b)
Start importing Assets/Prefabs/Obstacles/Crate_2.prefab using Guid(23aa41fe7f4116348bd03f938098ae29) Importer(815301076,1909f56bfc062723c751e8b465ee728b)  -> (artifact id: 'f5237bab6455d27507fc5a15be775223') in 0.031820 seconds 
  Import took 0.035391 seconds .

========================================================================
Received Import Request.
  Time since last request: 2.438717 seconds.
  path: Assets/Prefabs/Obstacles/Crate_1.prefab
  artifactKey: Guid(182976a30d0f87743b338e4a4b6e053a) Importer(815301076,1909f56bfc062723c751e8b465ee728b)
Start importing Assets/Prefabs/Obstacles/Crate_1.prefab using Guid(182976a30d0f87743b338e4a4b6e053a) Importer(815301076,1909f56bfc062723c751e8b465ee728b)  -> (artifact id: '266a90b15ceb33163e075de1534bf378') in 0.026548 seconds 
  Import took 0.030687 seconds .

========================================================================
Received Import Request.
  Time since last request: 9.350153 seconds.
  path: Assets/Prefabs/Obstacles/Barrel_2.prefab
  artifactKey: Guid(ed655598a9fd30745b8ebabed52869d3) Importer(815301076,1909f56bfc062723c751e8b465ee728b)
Start importing Assets/Prefabs/Obstacles/Barrel_2.prefab using Guid(ed655598a9fd30745b8ebabed52869d3) Importer(815301076,1909f56bfc062723c751e8b465ee728b)  -> (artifact id: '449d3f246c61fe225f60099e52787084') in 0.038152 seconds 
  Import took 0.041633 seconds .

========================================================================
Received Import Request.
  Time since last request: 2.700086 seconds.
  path: Assets/Prefabs/Obstacles/Barrel_1.prefab
  artifactKey: Guid(e4bb8f21806caca40b8b5bb3846b09bf) Importer(815301076,1909f56bfc062723c751e8b465ee728b)
Start importing Assets/Prefabs/Obstacles/Barrel_1.prefab using Guid(e4bb8f21806caca40b8b5bb3846b09bf) Importer(815301076,1909f56bfc062723c751e8b465ee728b)  -> (artifact id: 'c280c91e38a54596a14e9a2268fa85f4') in 0.028887 seconds 
  Import took 0.032572 seconds .

========================================================================
Received Import Request.
  Time since last request: 118.611116 seconds.
  path: Assets/Prefabs/Obstacles/obstacle1.prefab
  artifactKey: Guid(f282c1c28cc33b744a2ab3348a607f58) Importer(815301076,1909f56bfc062723c751e8b465ee728b)
Start importing Assets/Prefabs/Obstacles/obstacle1.prefab using Guid(f282c1c28cc33b744a2ab3348a607f58) Importer(815301076,1909f56bfc062723c751e8b465ee728b)  -> (artifact id: '98f828bd0096ea8b8813b77b4ab27ac9') in 0.048030 seconds 
  Import took 0.052854 seconds .

========================================================================
Received Import Request.
  Time since last request: 0.000862 seconds.
  path: Assets/Prefabs/Obstacles/obstacle1.prefab
  artifactKey: Guid(f282c1c28cc33b744a2ab3348a607f58) Importer(815301076,1909f56bfc062723c751e8b465ee728b)
Start importing Assets/Prefabs/Obstacles/obstacle1.prefab using Guid(f282c1c28cc33b744a2ab3348a607f58) Importer(815301076,1909f56bfc062723c751e8b465ee728b)  -> (artifact id: '98f828bd0096ea8b8813b77b4ab27ac9') in 0.046762 seconds 
  Import took 0.053374 seconds .

========================================================================
Received Import Request.
  Time since last request: 74.650399 seconds.
  path: Assets/Prefabs/Obstacles/obstacles2.prefab
  artifactKey: Guid(80b05f2e08a2b7c49a94899d2f27a62c) Importer(815301076,1909f56bfc062723c751e8b465ee728b)
Start importing Assets/Prefabs/Obstacles/obstacles2.prefab using Guid(80b05f2e08a2b7c49a94899d2f27a62c) Importer(815301076,1909f56bfc062723c751e8b465ee728b)  -> (artifact id: '7fc8475c241193c97c9cc5267b491313') in 0.050173 seconds 
  Import took 0.054840 seconds .

========================================================================
Received Import Request.
  Time since last request: 0.001174 seconds.
  path: Assets/Prefabs/Obstacles/obstacles2.prefab
  artifactKey: Guid(80b05f2e08a2b7c49a94899d2f27a62c) Importer(815301076,1909f56bfc062723c751e8b465ee728b)
Start importing Assets/Prefabs/Obstacles/obstacles2.prefab using Guid(80b05f2e08a2b7c49a94899d2f27a62c) Importer(815301076,1909f56bfc062723c751e8b465ee728b)  -> (artifact id: '7fc8475c241193c97c9cc5267b491313') in 0.044191 seconds 
  Import took 0.049715 seconds .

========================================================================
Received Import Request.
  Time since last request: 61.462690 seconds.
  path: Assets/Prefabs/Obstacles/obstacles3.prefab
  artifactKey: Guid(d72c8fb4436ab0b4199ad04cb68ec843) Importer(815301076,1909f56bfc062723c751e8b465ee728b)
Start importing Assets/Prefabs/Obstacles/obstacles3.prefab using Guid(d72c8fb4436ab0b4199ad04cb68ec843) Importer(815301076,1909f56bfc062723c751e8b465ee728b)  -> (artifact id: '62d920a348521d5a88faee13998e2d25') in 0.050571 seconds 
  Import took 0.055190 seconds .

========================================================================
Received Import Request.
  Time since last request: 0.001973 seconds.
  path: Assets/Prefabs/Obstacles/obstacles3.prefab
  artifactKey: Guid(d72c8fb4436ab0b4199ad04cb68ec843) Importer(815301076,1909f56bfc062723c751e8b465ee728b)
Start importing Assets/Prefabs/Obstacles/obstacles3.prefab using Guid(d72c8fb4436ab0b4199ad04cb68ec843) Importer(815301076,1909f56bfc062723c751e8b465ee728b)  -> (artifact id: '62d920a348521d5a88faee13998e2d25') in 0.047743 seconds 
  Import took 0.052328 seconds .

========================================================================
Received Import Request.
  Time since last request: 93.553533 seconds.
  path: Assets/Prefabs/Obstacles/obstacle4.prefab
  artifactKey: Guid(f5656c6334d95754a82ade48f5fd1bc6) Importer(815301076,1909f56bfc062723c751e8b465ee728b)
Start importing Assets/Prefabs/Obstacles/obstacle4.prefab using Guid(f5656c6334d95754a82ade48f5fd1bc6) Importer(815301076,1909f56bfc062723c751e8b465ee728b)  -> (artifact id: '4905a2394f0d134cc65265b1b9d7abfe') in 0.050370 seconds 
  Import took 0.055287 seconds .

========================================================================
Received Import Request.
  Time since last request: 0.000951 seconds.
  path: Assets/Prefabs/Obstacles/obstacle4.prefab
  artifactKey: Guid(f5656c6334d95754a82ade48f5fd1bc6) Importer(815301076,1909f56bfc062723c751e8b465ee728b)
Start importing Assets/Prefabs/Obstacles/obstacle4.prefab using Guid(f5656c6334d95754a82ade48f5fd1bc6) Importer(815301076,1909f56bfc062723c751e8b465ee728b)  -> (artifact id: '4905a2394f0d134cc65265b1b9d7abfe') in 0.045153 seconds 
  Import took 0.050832 seconds .

========================================================================
Received Import Request.
  Time since last request: 76.392431 seconds.
  path: Assets/Prefabs/Obstacles/obstacle5.prefab
  artifactKey: Guid(210ffbb1a454a1b4d859951b96550648) Importer(815301076,1909f56bfc062723c751e8b465ee728b)
Start importing Assets/Prefabs/Obstacles/obstacle5.prefab using Guid(210ffbb1a454a1b4d859951b96550648) Importer(815301076,1909f56bfc062723c751e8b465ee728b)  -> (artifact id: 'd7b534a104a07977aa9b8471aef7fa90') in 0.049829 seconds 
  Import took 0.054266 seconds .

========================================================================
Received Import Request.
  Time since last request: 0.000926 seconds.
  path: Assets/Prefabs/Obstacles/obstacle5.prefab
  artifactKey: Guid(210ffbb1a454a1b4d859951b96550648) Importer(815301076,1909f56bfc062723c751e8b465ee728b)
Start importing Assets/Prefabs/Obstacles/obstacle5.prefab using Guid(210ffbb1a454a1b4d859951b96550648) Importer(815301076,1909f56bfc062723c751e8b465ee728b)  -> (artifact id: 'd7b534a104a07977aa9b8471aef7fa90') in 0.043524 seconds 
  Import took 0.048663 seconds .

========================================================================
Received Import Request.
  Time since last request: 95.630410 seconds.
  path: Assets/Prefabs/Obstacles/obstacles6.prefab
  artifactKey: Guid(eceeb88ebb18e614396e3af014412226) Importer(815301076,1909f56bfc062723c751e8b465ee728b)
Start importing Assets/Prefabs/Obstacles/obstacles6.prefab using Guid(eceeb88ebb18e614396e3af014412226) Importer(815301076,1909f56bfc062723c751e8b465ee728b)  -> (artifact id: '2cf9b6d1c926db8a605e2e4e55df4d6a') in 0.052108 seconds 
  Import took 0.057037 seconds .

========================================================================
Received Import Request.
  Time since last request: 0.001532 seconds.
  path: Assets/Prefabs/Obstacles/obstacles6.prefab
  artifactKey: Guid(eceeb88ebb18e614396e3af014412226) Importer(815301076,1909f56bfc062723c751e8b465ee728b)
Start importing Assets/Prefabs/Obstacles/obstacles6.prefab using Guid(eceeb88ebb18e614396e3af014412226) Importer(815301076,1909f56bfc062723c751e8b465ee728b)  -> (artifact id: '2cf9b6d1c926db8a605e2e4e55df4d6a') in 0.042382 seconds 
  Import took 0.048133 seconds .

========================================================================
Received Import Request.
  Time since last request: 2.082696 seconds.
  path: Assets/Prefabs/Obstacles/obstacles7.prefab
  artifactKey: Guid(b3bdd167d66c2cb4796c8d4730313e96) Importer(815301076,1909f56bfc062723c751e8b465ee728b)
Start importing Assets/Prefabs/Obstacles/obstacles7.prefab using Guid(b3bdd167d66c2cb4796c8d4730313e96) Importer(815301076,1909f56bfc062723c751e8b465ee728b)  -> (artifact id: '599aaeec632cf3f2456f4d0cee21a27c') in 0.050153 seconds 
  Import took 0.054511 seconds .

========================================================================
Received Import Request.
  Time since last request: 0.000966 seconds.
  path: Assets/Prefabs/Obstacles/obstacles7.prefab
  artifactKey: Guid(b3bdd167d66c2cb4796c8d4730313e96) Importer(815301076,1909f56bfc062723c751e8b465ee728b)
Start importing Assets/Prefabs/Obstacles/obstacles7.prefab using Guid(b3bdd167d66c2cb4796c8d4730313e96) Importer(815301076,1909f56bfc062723c751e8b465ee728b)  -> (artifact id: '599aaeec632cf3f2456f4d0cee21a27c') in 0.042494 seconds 
  Import took 0.048237 seconds .

========================================================================
Received Import Request.
  Time since last request: 1.431231 seconds.
  path: Assets/Prefabs/Obstacles/obstacles8.prefab
  artifactKey: Guid(8c1378f90d8271245833b4bfb83bf261) Importer(815301076,1909f56bfc062723c751e8b465ee728b)
Start importing Assets/Prefabs/Obstacles/obstacles8.prefab using Guid(8c1378f90d8271245833b4bfb83bf261) Importer(815301076,1909f56bfc062723c751e8b465ee728b)  -> (artifact id: '556d2c63577ce10ba28140b89efe87c9') in 0.052563 seconds 
  Import took 0.057896 seconds .

========================================================================
Received Import Request.
  Time since last request: 0.001235 seconds.
  path: Assets/Prefabs/Obstacles/obstacles8.prefab
  artifactKey: Guid(8c1378f90d8271245833b4bfb83bf261) Importer(815301076,1909f56bfc062723c751e8b465ee728b)
Start importing Assets/Prefabs/Obstacles/obstacles8.prefab using Guid(8c1378f90d8271245833b4bfb83bf261) Importer(815301076,1909f56bfc062723c751e8b465ee728b)  -> (artifact id: '556d2c63577ce10ba28140b89efe87c9') in 0.045345 seconds 
  Import took 0.051744 seconds .

========================================================================
Received Import Request.
  Time since last request: 16.844185 seconds.
  path: Assets/Prefabs/Blocks/LeftBlock.prefab
  artifactKey: Guid(faa2c15e6a43ba94a96aa4b9eee58985) Importer(815301076,1909f56bfc062723c751e8b465ee728b)
Start importing Assets/Prefabs/Blocks/LeftBlock.prefab using Guid(faa2c15e6a43ba94a96aa4b9eee58985) Importer(815301076,1909f56bfc062723c751e8b465ee728b)  -> (artifact id: 'c3bba738a3a031c0f597b54eefe7218c') in 0.675550 seconds 
  Import took 0.746425 seconds .

========================================================================
Received Import Request.
  Time since last request: 25.642655 seconds.
  path: Assets/Prefabs/Blocks/LeftBlock.prefab
  artifactKey: Guid(faa2c15e6a43ba94a96aa4b9eee58985) Importer(815301076,1909f56bfc062723c751e8b465ee728b)
Start importing Assets/Prefabs/Blocks/LeftBlock.prefab using Guid(faa2c15e6a43ba94a96aa4b9eee58985) Importer(815301076,1909f56bfc062723c751e8b465ee728b)  -> (artifact id: '0766c6c5116e9835f75ec7d1f1168480') in 0.689329 seconds 
  Import took 0.759502 seconds .

========================================================================
Received Prepare
Registering precompiled user dll's ...
Registered in 0.014786 seconds.
Begin MonoManager ReloadAssembly
Native extension for WindowsStandalone target not found
Refreshing native plugins compatible for Editor in 0.45 ms, found 2 plugins.
Preloading 0 native plugins for Editor in 0.00 ms.
Mono: successfully reloaded assembly
- Completed reload, in  1.391 seconds
Domain Reload Profiling:
	ReloadAssembly (1392ms)
		BeginReloadAssembly (194ms)
			ExecutionOrderSort (0ms)
			DisableScriptedObjects (4ms)
			BackupInstance (0ms)
			ReleaseScriptingObjects (0ms)
			CreateAndSetChildDomain (34ms)
		EndReloadAssembly (1079ms)
			LoadAssemblies (170ms)
			RebuildTransferFunctionScriptingTraits (0ms)
			SetupTypeCache (298ms)
			ReleaseScriptCaches (1ms)
			RebuildScriptCaches (43ms)
			SetupLoadedEditorAssemblies (500ms)
				LogAssemblyErrors (0ms)
				InitializePlatformSupportModulesInManaged (6ms)
				SetLoadedEditorAssemblies (0ms)
				RefreshPlugins (1ms)
				BeforeProcessingInitializeOnLoad (138ms)
				ProcessInitializeOnLoadAttributes (314ms)
				ProcessInitializeOnLoadMethodAttributes (4ms)
				AfterProcessingInitializeOnLoad (36ms)
				EditorAssembliesLoaded (0ms)
			ExecutionOrderSort2 (0ms)
			AwakeInstancesAfterBackupRestoration (7ms)
Platform modules already initialized, skipping
Refreshing native plugins compatible for Editor in 0.43 ms, found 2 plugins.
Preloading 0 native plugins for Editor in 0.00 ms.
Unloading 1547 Unused Serialized files (Serialized files now loaded: 0)
System memory in use before: 130.3 MB.
System memory in use after: 130.4 MB.

Unloading 14 unused Assets to reduce memory usage. Loaded Objects now: 2016.
Total: 3.365200 ms (FindLiveObjects: 0.186200 ms CreateObjectMapping: 0.039700 ms MarkObjects: 3.114400 ms  DeleteObjects: 0.023500 ms)

AssetImportParameters requested are different than current active one (requested -> active):
  custom:framework-win-MediaFoundation: 216162199b28c13a410421893ffa2e32 -> 
  custom:video-decoder-ogg-theora: a1e56fd34408186e4bbccfd4996cb3dc -> 
  custom:container-muxer-webm: aa71ff27fc2769a1b78a27578f13a17b -> 
  custom:container-demuxer-webm: 4f35f7cbe854078d1ac9338744f61a02 -> 
  custom:container-demuxer-ogg: 62fdf1f143b41e24485cea50d1cbac27 -> 
  custom:video-encoder-webm-vp8: eb34c28f22e8b96e1ab97ce403110664 -> 
  custom:video-decoder-webm-vp8: 9c59270c3fd7afecdb556c50c9e8de78 -> 
  custom:audio-decoder-ogg-vorbis: bf7c407c2cedff20999df2af8eb42d56 -> 
  custom:audio-encoder-webm-vorbis: bf7c407c2cedff20999df2af8eb42d56 -> 
========================================================================
Received Prepare
Registering precompiled user dll's ...
Registered in 0.016388 seconds.
Begin MonoManager ReloadAssembly
Native extension for WindowsStandalone target not found
Refreshing native plugins compatible for Editor in 0.58 ms, found 2 plugins.
Preloading 0 native plugins for Editor in 0.00 ms.
Mono: successfully reloaded assembly
- Completed reload, in  1.630 seconds
Domain Reload Profiling:
	ReloadAssembly (1631ms)
		BeginReloadAssembly (231ms)
			ExecutionOrderSort (0ms)
			DisableScriptedObjects (5ms)
			BackupInstance (0ms)
			ReleaseScriptingObjects (0ms)
			CreateAndSetChildDomain (51ms)
		EndReloadAssembly (1270ms)
			LoadAssemblies (204ms)
			RebuildTransferFunctionScriptingTraits (0ms)
			SetupTypeCache (358ms)
			ReleaseScriptCaches (1ms)
			RebuildScriptCaches (47ms)
			SetupLoadedEditorAssemblies (598ms)
				LogAssemblyErrors (0ms)
				InitializePlatformSupportModulesInManaged (8ms)
				SetLoadedEditorAssemblies (0ms)
				RefreshPlugins (1ms)
				BeforeProcessingInitializeOnLoad (148ms)
				ProcessInitializeOnLoadAttributes (395ms)
				ProcessInitializeOnLoadMethodAttributes (4ms)
				AfterProcessingInitializeOnLoad (41ms)
				EditorAssembliesLoaded (0ms)
			ExecutionOrderSort2 (0ms)
			AwakeInstancesAfterBackupRestoration (7ms)
Platform modules already initialized, skipping
Refreshing native plugins compatible for Editor in 0.67 ms, found 2 plugins.
Preloading 0 native plugins for Editor in 0.00 ms.
Unloading 1547 Unused Serialized files (Serialized files now loaded: 0)
System memory in use before: 130.4 MB.
System memory in use after: 130.5 MB.

Unloading 14 unused Assets to reduce memory usage. Loaded Objects now: 2018.
Total: 4.863200 ms (FindLiveObjects: 0.548200 ms CreateObjectMapping: 0.045300 ms MarkObjects: 4.225100 ms  DeleteObjects: 0.042900 ms)

AssetImportParameters requested are different than current active one (requested -> active):
  custom:framework-win-MediaFoundation: 216162199b28c13a410421893ffa2e32 -> 
  custom:video-decoder-ogg-theora: a1e56fd34408186e4bbccfd4996cb3dc -> 
  custom:container-muxer-webm: aa71ff27fc2769a1b78a27578f13a17b -> 
  custom:container-demuxer-webm: 4f35f7cbe854078d1ac9338744f61a02 -> 
  custom:container-demuxer-ogg: 62fdf1f143b41e24485cea50d1cbac27 -> 
  custom:video-encoder-webm-vp8: eb34c28f22e8b96e1ab97ce403110664 -> 
  custom:video-decoder-webm-vp8: 9c59270c3fd7afecdb556c50c9e8de78 -> 
  custom:audio-decoder-ogg-vorbis: bf7c407c2cedff20999df2af8eb42d56 -> 
  custom:audio-encoder-webm-vorbis: bf7c407c2cedff20999df2af8eb42d56 -> 
========================================================================
Received Import Request.
  Time since last request: 557.510360 seconds.
  path: Assets/Prefabs/Obstacles/Barrel_1.prefab
  artifactKey: Guid(e4bb8f21806caca40b8b5bb3846b09bf) Importer(815301076,1909f56bfc062723c751e8b465ee728b)
Start importing Assets/Prefabs/Obstacles/Barrel_1.prefab using Guid(e4bb8f21806caca40b8b5bb3846b09bf) Importer(815301076,1909f56bfc062723c751e8b465ee728b)  -> (artifact id: '8f62fe53942af46343c6c498fd994ef9') in 0.077049 seconds 
  Import took 0.080733 seconds .

========================================================================
Received Import Request.
  Time since last request: 0.000249 seconds.
  path: Assets/Prefabs/Obstacles/obstacle4.prefab
  artifactKey: Guid(f5656c6334d95754a82ade48f5fd1bc6) Importer(815301076,1909f56bfc062723c751e8b465ee728b)
Start importing Assets/Prefabs/Obstacles/obstacle4.prefab using Guid(f5656c6334d95754a82ade48f5fd1bc6) Importer(815301076,1909f56bfc062723c751e8b465ee728b)  -> (artifact id: 'f94648881bef741ea2b0975115e11ff2') in 0.048012 seconds 
  Import took 0.052652 seconds .

========================================================================
Received Import Request.
  Time since last request: 0.000292 seconds.
  path: Assets/Prefabs/Obstacles/obstacles2.prefab
  artifactKey: Guid(80b05f2e08a2b7c49a94899d2f27a62c) Importer(815301076,1909f56bfc062723c751e8b465ee728b)
Start importing Assets/Prefabs/Obstacles/obstacles2.prefab using Guid(80b05f2e08a2b7c49a94899d2f27a62c) Importer(815301076,1909f56bfc062723c751e8b465ee728b)  -> (artifact id: 'c6d695deda48bd7fe89a17f7efc6e509') in 0.048283 seconds 
  Import took 0.052998 seconds .

========================================================================
Received Import Request.
  Time since last request: 0.000246 seconds.
  path: Assets/Prefabs/Obstacles/obstacle1.prefab
  artifactKey: Guid(f282c1c28cc33b744a2ab3348a607f58) Importer(815301076,1909f56bfc062723c751e8b465ee728b)
Start importing Assets/Prefabs/Obstacles/obstacle1.prefab using Guid(f282c1c28cc33b744a2ab3348a607f58) Importer(815301076,1909f56bfc062723c751e8b465ee728b)  -> (artifact id: '453a775fe6bfa7d9c5327d53da0db111') in 0.044667 seconds 
  Import took 0.049187 seconds .

========================================================================
Received Import Request.
  Time since last request: 0.000233 seconds.
  path: Assets/Prefabs/Obstacles/obstacles3.prefab
  artifactKey: Guid(d72c8fb4436ab0b4199ad04cb68ec843) Importer(815301076,1909f56bfc062723c751e8b465ee728b)
Start importing Assets/Prefabs/Obstacles/obstacles3.prefab using Guid(d72c8fb4436ab0b4199ad04cb68ec843) Importer(815301076,1909f56bfc062723c751e8b465ee728b)  -> (artifact id: 'd51355888426666fe54faa7d8df7db80') in 0.045795 seconds 
  Import took 0.051227 seconds .

========================================================================
Received Import Request.
  Time since last request: 1.131379 seconds.
  path: Assets/Prefabs/Obstacles/Barrel_1.prefab
  artifactKey: Guid(e4bb8f21806caca40b8b5bb3846b09bf) Importer(815301076,1909f56bfc062723c751e8b465ee728b)
Start importing Assets/Prefabs/Obstacles/Barrel_1.prefab using Guid(e4bb8f21806caca40b8b5bb3846b09bf) Importer(815301076,1909f56bfc062723c751e8b465ee728b)  -> (artifact id: 'e8966bd44eb3c1edf47bd00b02c06d1d') in 0.028394 seconds 
  Import took 0.033146 seconds .

========================================================================
Received Import Request.
  Time since last request: 0.000324 seconds.
  path: Assets/Prefabs/Obstacles/obstacle4.prefab
  artifactKey: Guid(f5656c6334d95754a82ade48f5fd1bc6) Importer(815301076,1909f56bfc062723c751e8b465ee728b)
Start importing Assets/Prefabs/Obstacles/obstacle4.prefab using Guid(f5656c6334d95754a82ade48f5fd1bc6) Importer(815301076,1909f56bfc062723c751e8b465ee728b)  -> (artifact id: '93828bf76b135b99c2d5eb3ad70bff36') in 0.048000 seconds 
  Import took 0.053630 seconds .

========================================================================
Received Import Request.
  Time since last request: 0.000250 seconds.
  path: Assets/Prefabs/Obstacles/obstacles2.prefab
  artifactKey: Guid(80b05f2e08a2b7c49a94899d2f27a62c) Importer(815301076,1909f56bfc062723c751e8b465ee728b)
Start importing Assets/Prefabs/Obstacles/obstacles2.prefab using Guid(80b05f2e08a2b7c49a94899d2f27a62c) Importer(815301076,1909f56bfc062723c751e8b465ee728b)  -> (artifact id: '12ae4a16c8ee921a37a8501cdc6ba643') in 0.045442 seconds 
  Import took 0.049885 seconds .

========================================================================
Received Import Request.
  Time since last request: 0.000224 seconds.
  path: Assets/Prefabs/Obstacles/obstacle1.prefab
  artifactKey: Guid(f282c1c28cc33b744a2ab3348a607f58) Importer(815301076,1909f56bfc062723c751e8b465ee728b)
Start importing Assets/Prefabs/Obstacles/obstacle1.prefab using Guid(f282c1c28cc33b744a2ab3348a607f58) Importer(815301076,1909f56bfc062723c751e8b465ee728b)  -> (artifact id: 'db6ac0eb3e3ba72466505eb990c2766c') in 0.044824 seconds 
  Import took 0.049149 seconds .

========================================================================
Received Import Request.
  Time since last request: 0.000251 seconds.
  path: Assets/Prefabs/Obstacles/obstacles3.prefab
  artifactKey: Guid(d72c8fb4436ab0b4199ad04cb68ec843) Importer(815301076,1909f56bfc062723c751e8b465ee728b)
Start importing Assets/Prefabs/Obstacles/obstacles3.prefab using Guid(d72c8fb4436ab0b4199ad04cb68ec843) Importer(815301076,1909f56bfc062723c751e8b465ee728b)  -> (artifact id: '7f0b5cf4d4dd5390c705351c3bf856ce') in 0.044534 seconds 
  Import took 0.048986 seconds .

========================================================================
Received Import Request.
  Time since last request: 2.199799 seconds.
  path: Assets/Prefabs/Obstacles/Barrel_1.prefab
  artifactKey: Guid(e4bb8f21806caca40b8b5bb3846b09bf) Importer(815301076,1909f56bfc062723c751e8b465ee728b)
Start importing Assets/Prefabs/Obstacles/Barrel_1.prefab using Guid(e4bb8f21806caca40b8b5bb3846b09bf) Importer(815301076,1909f56bfc062723c751e8b465ee728b)  -> (artifact id: 'fdc4febb9faed0ed195522393750f2e5') in 0.032321 seconds 
  Import took 0.035824 seconds .

========================================================================
Received Import Request.
  Time since last request: 0.000278 seconds.
  path: Assets/Prefabs/Obstacles/obstacle4.prefab
  artifactKey: Guid(f5656c6334d95754a82ade48f5fd1bc6) Importer(815301076,1909f56bfc062723c751e8b465ee728b)
Start importing Assets/Prefabs/Obstacles/obstacle4.prefab using Guid(f5656c6334d95754a82ade48f5fd1bc6) Importer(815301076,1909f56bfc062723c751e8b465ee728b)  -> (artifact id: '2bdbb5ce0c41b0537077f029b40a4d1b') in 0.041788 seconds 
  Import took 0.048232 seconds .

========================================================================
Received Import Request.
  Time since last request: 0.000608 seconds.
  path: Assets/Prefabs/Obstacles/obstacles2.prefab
  artifactKey: Guid(80b05f2e08a2b7c49a94899d2f27a62c) Importer(815301076,1909f56bfc062723c751e8b465ee728b)
Start importing Assets/Prefabs/Obstacles/obstacles2.prefab using Guid(80b05f2e08a2b7c49a94899d2f27a62c) Importer(815301076,1909f56bfc062723c751e8b465ee728b)  -> (artifact id: '72e7a3090efc4ab1f63340e48ef1bb58') in 0.049458 seconds 
  Import took 0.054547 seconds .

========================================================================
Received Import Request.
  Time since last request: 0.000287 seconds.
  path: Assets/Prefabs/Obstacles/obstacle1.prefab
  artifactKey: Guid(f282c1c28cc33b744a2ab3348a607f58) Importer(815301076,1909f56bfc062723c751e8b465ee728b)
Start importing Assets/Prefabs/Obstacles/obstacle1.prefab using Guid(f282c1c28cc33b744a2ab3348a607f58) Importer(815301076,1909f56bfc062723c751e8b465ee728b)  -> (artifact id: 'd492e6072846936d6d4838ebd055a428') in 0.047894 seconds 
  Import took 0.052528 seconds .

========================================================================
Received Import Request.
  Time since last request: 0.000269 seconds.
  path: Assets/Prefabs/Obstacles/obstacles3.prefab
  artifactKey: Guid(d72c8fb4436ab0b4199ad04cb68ec843) Importer(815301076,1909f56bfc062723c751e8b465ee728b)
Start importing Assets/Prefabs/Obstacles/obstacles3.prefab using Guid(d72c8fb4436ab0b4199ad04cb68ec843) Importer(815301076,1909f56bfc062723c751e8b465ee728b)  -> (artifact id: 'ad975152448a87f19abeef713a15152b') in 0.050268 seconds 
  Import took 0.055170 seconds .

========================================================================
Received Import Request.
  Time since last request: 4.058171 seconds.
  path: Assets/Prefabs/Obstacles/Barrel_2.prefab
  artifactKey: Guid(ed655598a9fd30745b8ebabed52869d3) Importer(815301076,1909f56bfc062723c751e8b465ee728b)
Start importing Assets/Prefabs/Obstacles/Barrel_2.prefab using Guid(ed655598a9fd30745b8ebabed52869d3) Importer(815301076,1909f56bfc062723c751e8b465ee728b)  -> (artifact id: '7a476881a99097e0d4ec120970ae4117') in 0.028815 seconds 
  Import took 0.033336 seconds .

========================================================================
Received Import Request.
  Time since last request: 0.000328 seconds.
  path: Assets/Prefabs/Obstacles/obstacle4.prefab
  artifactKey: Guid(f5656c6334d95754a82ade48f5fd1bc6) Importer(815301076,1909f56bfc062723c751e8b465ee728b)
Start importing Assets/Prefabs/Obstacles/obstacle4.prefab using Guid(f5656c6334d95754a82ade48f5fd1bc6) Importer(815301076,1909f56bfc062723c751e8b465ee728b)  -> (artifact id: '3ad0868bc8abff520235b4f9fa12de04') in 0.047610 seconds 
  Import took 0.052207 seconds .

========================================================================
Received Import Request.
  Time since last request: 0.000272 seconds.
  path: Assets/Prefabs/Obstacles/obstacles2.prefab
  artifactKey: Guid(80b05f2e08a2b7c49a94899d2f27a62c) Importer(815301076,1909f56bfc062723c751e8b465ee728b)
Start importing Assets/Prefabs/Obstacles/obstacles2.prefab using Guid(80b05f2e08a2b7c49a94899d2f27a62c) Importer(815301076,1909f56bfc062723c751e8b465ee728b)  -> (artifact id: '50575e39e8ef1805d59c04fd8cd08aa6') in 0.044297 seconds 
  Import took 0.048821 seconds .

========================================================================
Received Import Request.
  Time since last request: 0.000221 seconds.
  path: Assets/Prefabs/Obstacles/obstacle1.prefab
  artifactKey: Guid(f282c1c28cc33b744a2ab3348a607f58) Importer(815301076,1909f56bfc062723c751e8b465ee728b)
Start importing Assets/Prefabs/Obstacles/obstacle1.prefab using Guid(f282c1c28cc33b744a2ab3348a607f58) Importer(815301076,1909f56bfc062723c751e8b465ee728b)  -> (artifact id: '01505a2f17bcd82e73a7c2a374cc417c') in 0.045267 seconds 
  Import took 0.049670 seconds .

========================================================================
Received Import Request.
  Time since last request: 0.000234 seconds.
  path: Assets/Prefabs/Obstacles/obstacles3.prefab
  artifactKey: Guid(d72c8fb4436ab0b4199ad04cb68ec843) Importer(815301076,1909f56bfc062723c751e8b465ee728b)
Start importing Assets/Prefabs/Obstacles/obstacles3.prefab using Guid(d72c8fb4436ab0b4199ad04cb68ec843) Importer(815301076,1909f56bfc062723c751e8b465ee728b)  -> (artifact id: '0df33e9b5ab1916d8cee2198fb52fae5') in 0.045425 seconds 
  Import took 0.049860 seconds .

========================================================================
Received Import Request.
  Time since last request: 1.976365 seconds.
  path: Assets/Prefabs/Obstacles/Barrel_2.prefab
  artifactKey: Guid(ed655598a9fd30745b8ebabed52869d3) Importer(815301076,1909f56bfc062723c751e8b465ee728b)
Start importing Assets/Prefabs/Obstacles/Barrel_2.prefab using Guid(ed655598a9fd30745b8ebabed52869d3) Importer(815301076,1909f56bfc062723c751e8b465ee728b)  -> (artifact id: 'f4368200a0c24bccab9d3464cc9fed15') in 0.027532 seconds 
  Import took 0.031252 seconds .

========================================================================
Received Import Request.
  Time since last request: 0.000303 seconds.
  path: Assets/Prefabs/Obstacles/obstacle4.prefab
  artifactKey: Guid(f5656c6334d95754a82ade48f5fd1bc6) Importer(815301076,1909f56bfc062723c751e8b465ee728b)
Start importing Assets/Prefabs/Obstacles/obstacle4.prefab using Guid(f5656c6334d95754a82ade48f5fd1bc6) Importer(815301076,1909f56bfc062723c751e8b465ee728b)  -> (artifact id: '1a580519be6efbca566da2359a3fd4df') in 0.045097 seconds 
  Import took 0.050489 seconds .

========================================================================
Received Import Request.
  Time since last request: 0.000280 seconds.
  path: Assets/Prefabs/Obstacles/obstacles2.prefab
  artifactKey: Guid(80b05f2e08a2b7c49a94899d2f27a62c) Importer(815301076,1909f56bfc062723c751e8b465ee728b)
Start importing Assets/Prefabs/Obstacles/obstacles2.prefab using Guid(80b05f2e08a2b7c49a94899d2f27a62c) Importer(815301076,1909f56bfc062723c751e8b465ee728b)  -> (artifact id: 'e8637cb0f6a28dd8630f2486276e815d') in 0.044339 seconds 
  Import took 0.048722 seconds .

========================================================================
Received Import Request.
  Time since last request: 0.000252 seconds.
  path: Assets/Prefabs/Obstacles/obstacle1.prefab
  artifactKey: Guid(f282c1c28cc33b744a2ab3348a607f58) Importer(815301076,1909f56bfc062723c751e8b465ee728b)
Start importing Assets/Prefabs/Obstacles/obstacle1.prefab using Guid(f282c1c28cc33b744a2ab3348a607f58) Importer(815301076,1909f56bfc062723c751e8b465ee728b)  -> (artifact id: '45147048386ec2505a82f30441a088a7') in 0.045912 seconds 
  Import took 0.050547 seconds .

========================================================================
Received Import Request.
  Time since last request: 0.000296 seconds.
  path: Assets/Prefabs/Obstacles/obstacles3.prefab
  artifactKey: Guid(d72c8fb4436ab0b4199ad04cb68ec843) Importer(815301076,1909f56bfc062723c751e8b465ee728b)
Start importing Assets/Prefabs/Obstacles/obstacles3.prefab using Guid(d72c8fb4436ab0b4199ad04cb68ec843) Importer(815301076,1909f56bfc062723c751e8b465ee728b)  -> (artifact id: '138a8030d4dc687b74fa485378542716') in 0.047789 seconds 
  Import took 0.052586 seconds .

========================================================================
Received Import Request.
  Time since last request: 1.185761 seconds.
  path: Assets/Prefabs/Obstacles/Barrel_2.prefab
  artifactKey: Guid(ed655598a9fd30745b8ebabed52869d3) Importer(815301076,1909f56bfc062723c751e8b465ee728b)
Start importing Assets/Prefabs/Obstacles/Barrel_2.prefab using Guid(ed655598a9fd30745b8ebabed52869d3) Importer(815301076,1909f56bfc062723c751e8b465ee728b)  -> (artifact id: '26b4242da1121c5f3b0a2cab5658077c') in 0.028261 seconds 
  Import took 0.032496 seconds .

========================================================================
Received Import Request.
  Time since last request: 0.000326 seconds.
  path: Assets/Prefabs/Obstacles/obstacle4.prefab
  artifactKey: Guid(f5656c6334d95754a82ade48f5fd1bc6) Importer(815301076,1909f56bfc062723c751e8b465ee728b)
Start importing Assets/Prefabs/Obstacles/obstacle4.prefab using Guid(f5656c6334d95754a82ade48f5fd1bc6) Importer(815301076,1909f56bfc062723c751e8b465ee728b)  -> (artifact id: '1143d290f968861dd5eae9963a65daa1') in 0.049151 seconds 
  Import took 0.053967 seconds .

========================================================================
Received Import Request.
  Time since last request: 0.000267 seconds.
  path: Assets/Prefabs/Obstacles/obstacles2.prefab
  artifactKey: Guid(80b05f2e08a2b7c49a94899d2f27a62c) Importer(815301076,1909f56bfc062723c751e8b465ee728b)
Start importing Assets/Prefabs/Obstacles/obstacles2.prefab using Guid(80b05f2e08a2b7c49a94899d2f27a62c) Importer(815301076,1909f56bfc062723c751e8b465ee728b)  -> (artifact id: 'a536674a0a0f860364469c5ac845d24d') in 0.048044 seconds 
  Import took 0.052595 seconds .

========================================================================
Received Import Request.
  Time since last request: 0.000243 seconds.
  path: Assets/Prefabs/Obstacles/obstacle1.prefab
  artifactKey: Guid(f282c1c28cc33b744a2ab3348a607f58) Importer(815301076,1909f56bfc062723c751e8b465ee728b)
Start importing Assets/Prefabs/Obstacles/obstacle1.prefab using Guid(f282c1c28cc33b744a2ab3348a607f58) Importer(815301076,1909f56bfc062723c751e8b465ee728b)  -> (artifact id: '5a9eb71440213c9e8bf06ea72013a441') in 0.045535 seconds 
  Import took 0.050013 seconds .

========================================================================
Received Import Request.
  Time since last request: 0.000243 seconds.
  path: Assets/Prefabs/Obstacles/obstacles3.prefab
  artifactKey: Guid(d72c8fb4436ab0b4199ad04cb68ec843) Importer(815301076,1909f56bfc062723c751e8b465ee728b)
Start importing Assets/Prefabs/Obstacles/obstacles3.prefab using Guid(d72c8fb4436ab0b4199ad04cb68ec843) Importer(815301076,1909f56bfc062723c751e8b465ee728b)  -> (artifact id: 'b9b6ea1fc7fa1df5a6b84592b11bc60d') in 0.047298 seconds 
  Import took 0.052338 seconds .

========================================================================
Received Import Request.
  Time since last request: 2.785563 seconds.
  path: Assets/Prefabs/Obstacles/Barrel_2.prefab
  artifactKey: Guid(ed655598a9fd30745b8ebabed52869d3) Importer(815301076,1909f56bfc062723c751e8b465ee728b)
Start importing Assets/Prefabs/Obstacles/Barrel_2.prefab using Guid(ed655598a9fd30745b8ebabed52869d3) Importer(815301076,1909f56bfc062723c751e8b465ee728b)  -> (artifact id: '580e57b7a8100df0e903fd719cc6fe71') in 0.027108 seconds 
  Import took 0.030647 seconds .

========================================================================
Received Import Request.
  Time since last request: 0.000228 seconds.
  path: Assets/Prefabs/Obstacles/obstacle4.prefab
  artifactKey: Guid(f5656c6334d95754a82ade48f5fd1bc6) Importer(815301076,1909f56bfc062723c751e8b465ee728b)
Start importing Assets/Prefabs/Obstacles/obstacle4.prefab using Guid(f5656c6334d95754a82ade48f5fd1bc6) Importer(815301076,1909f56bfc062723c751e8b465ee728b)  -> (artifact id: '64d602e126014a9c626d2288df7cd945') in 0.045835 seconds 
  Import took 0.050364 seconds .

========================================================================
Received Import Request.
  Time since last request: 0.000230 seconds.
  path: Assets/Prefabs/Obstacles/obstacles2.prefab
  artifactKey: Guid(80b05f2e08a2b7c49a94899d2f27a62c) Importer(815301076,1909f56bfc062723c751e8b465ee728b)
Start importing Assets/Prefabs/Obstacles/obstacles2.prefab using Guid(80b05f2e08a2b7c49a94899d2f27a62c) Importer(815301076,1909f56bfc062723c751e8b465ee728b)  -> (artifact id: '74c1e533cfa9bc9f0d3b2b3fbc958fe3') in 0.044776 seconds 
  Import took 0.049327 seconds .

========================================================================
Received Import Request.
  Time since last request: 0.000234 seconds.
  path: Assets/Prefabs/Obstacles/obstacle1.prefab
  artifactKey: Guid(f282c1c28cc33b744a2ab3348a607f58) Importer(815301076,1909f56bfc062723c751e8b465ee728b)
Start importing Assets/Prefabs/Obstacles/obstacle1.prefab using Guid(f282c1c28cc33b744a2ab3348a607f58) Importer(815301076,1909f56bfc062723c751e8b465ee728b)  -> (artifact id: 'cee54b7cf39270fd85ada87f69336478') in 0.045089 seconds 
  Import took 0.049497 seconds .

========================================================================
Received Import Request.
  Time since last request: 0.000239 seconds.
  path: Assets/Prefabs/Obstacles/Barrel_2.prefab
  artifactKey: Guid(ed655598a9fd30745b8ebabed52869d3) Importer(815301076,1909f56bfc062723c751e8b465ee728b)
Start importing Assets/Prefabs/Obstacles/Barrel_2.prefab using Guid(ed655598a9fd30745b8ebabed52869d3) Importer(815301076,1909f56bfc062723c751e8b465ee728b)  -> (artifact id: '580e57b7a8100df0e903fd719cc6fe71') in 0.031105 seconds 
  Import took 0.034487 seconds .

========================================================================
Received Import Request.
  Time since last request: 0.000412 seconds.
  path: Assets/Prefabs/Obstacles/obstacles3.prefab
  artifactKey: Guid(d72c8fb4436ab0b4199ad04cb68ec843) Importer(815301076,1909f56bfc062723c751e8b465ee728b)
Start importing Assets/Prefabs/Obstacles/obstacles3.prefab using Guid(d72c8fb4436ab0b4199ad04cb68ec843) Importer(815301076,1909f56bfc062723c751e8b465ee728b)  -> (artifact id: 'd933ab41a30c603166919dfac97a8ca1') in 0.044065 seconds 
  Import took 0.048359 seconds .

========================================================================
Received Import Request.
  Time since last request: 5.220323 seconds.
  path: Assets/Prefabs/Obstacles/Barrel_1.prefab
  artifactKey: Guid(e4bb8f21806caca40b8b5bb3846b09bf) Importer(815301076,1909f56bfc062723c751e8b465ee728b)
Start importing Assets/Prefabs/Obstacles/Barrel_1.prefab using Guid(e4bb8f21806caca40b8b5bb3846b09bf) Importer(815301076,1909f56bfc062723c751e8b465ee728b)  -> (artifact id: '117370a11ce357c2a3f32d9d57757da8') in 0.026905 seconds 
  Import took 0.030325 seconds .

========================================================================
Received Import Request.
  Time since last request: 0.000271 seconds.
  path: Assets/Prefabs/Obstacles/obstacle4.prefab
  artifactKey: Guid(f5656c6334d95754a82ade48f5fd1bc6) Importer(815301076,1909f56bfc062723c751e8b465ee728b)
Start importing Assets/Prefabs/Obstacles/obstacle4.prefab using Guid(f5656c6334d95754a82ade48f5fd1bc6) Importer(815301076,1909f56bfc062723c751e8b465ee728b)  -> (artifact id: 'db59a85a1833ba68dc9cef4eb132d189') in 0.044671 seconds 
  Import took 0.049045 seconds .

========================================================================
Received Import Request.
  Time since last request: 0.000213 seconds.
  path: Assets/Prefabs/Obstacles/obstacles2.prefab
  artifactKey: Guid(80b05f2e08a2b7c49a94899d2f27a62c) Importer(815301076,1909f56bfc062723c751e8b465ee728b)
Start importing Assets/Prefabs/Obstacles/obstacles2.prefab using Guid(80b05f2e08a2b7c49a94899d2f27a62c) Importer(815301076,1909f56bfc062723c751e8b465ee728b)  -> (artifact id: '9427bc53e893a6e39257d1008e86c322') in 0.044116 seconds 
  Import took 0.048839 seconds .

========================================================================
Received Import Request.
  Time since last request: 0.000425 seconds.
  path: Assets/Prefabs/Obstacles/obstacle1.prefab
  artifactKey: Guid(f282c1c28cc33b744a2ab3348a607f58) Importer(815301076,1909f56bfc062723c751e8b465ee728b)
Start importing Assets/Prefabs/Obstacles/obstacle1.prefab using Guid(f282c1c28cc33b744a2ab3348a607f58) Importer(815301076,1909f56bfc062723c751e8b465ee728b)  -> (artifact id: '001b75c8881099e9f2fd9b743d9377be') in 0.044535 seconds 
  Import took 0.049218 seconds .

========================================================================
Received Import Request.
  Time since last request: 0.000222 seconds.
  path: Assets/Prefabs/Obstacles/obstacles3.prefab
  artifactKey: Guid(d72c8fb4436ab0b4199ad04cb68ec843) Importer(815301076,1909f56bfc062723c751e8b465ee728b)
Start importing Assets/Prefabs/Obstacles/obstacles3.prefab using Guid(d72c8fb4436ab0b4199ad04cb68ec843) Importer(815301076,1909f56bfc062723c751e8b465ee728b)  -> (artifact id: 'c8f3d8fca6e20b1d4ca2ddb71310f1b4') in 0.044613 seconds 
  Import took 0.049034 seconds .

========================================================================
Received Import Request.
  Time since last request: 26.097832 seconds.
  path: Assets/Prefabs/Obstacles/Crate_1.prefab
  artifactKey: Guid(182976a30d0f87743b338e4a4b6e053a) Importer(815301076,1909f56bfc062723c751e8b465ee728b)
Start importing Assets/Prefabs/Obstacles/Crate_1.prefab using Guid(182976a30d0f87743b338e4a4b6e053a) Importer(815301076,1909f56bfc062723c751e8b465ee728b)  -> (artifact id: 'f39f08ccedeefbdcbac7d59758e3a82d') in 0.032762 seconds 
  Import took 0.036203 seconds .

========================================================================
Received Import Request.
  Time since last request: 0.000313 seconds.
  path: Assets/Prefabs/Obstacles/obstacles8.prefab
  artifactKey: Guid(8c1378f90d8271245833b4bfb83bf261) Importer(815301076,1909f56bfc062723c751e8b465ee728b)
Start importing Assets/Prefabs/Obstacles/obstacles8.prefab using Guid(8c1378f90d8271245833b4bfb83bf261) Importer(815301076,1909f56bfc062723c751e8b465ee728b)  -> (artifact id: 'efb32a2fc476eed41baf46baef425a14') in 0.042981 seconds 
  Import took 0.047500 seconds .

========================================================================
Received Import Request.
  Time since last request: 0.000248 seconds.
  path: Assets/Prefabs/Obstacles/obstacles7.prefab
  artifactKey: Guid(b3bdd167d66c2cb4796c8d4730313e96) Importer(815301076,1909f56bfc062723c751e8b465ee728b)
Start importing Assets/Prefabs/Obstacles/obstacles7.prefab using Guid(b3bdd167d66c2cb4796c8d4730313e96) Importer(815301076,1909f56bfc062723c751e8b465ee728b)  -> (artifact id: '50be93a7dd909c6c7fee631edddd62f0') in 0.044139 seconds 
  Import took 0.048430 seconds .

========================================================================
Received Import Request.
  Time since last request: 0.000234 seconds.
  path: Assets/Prefabs/Obstacles/obstacle5.prefab
  artifactKey: Guid(210ffbb1a454a1b4d859951b96550648) Importer(815301076,1909f56bfc062723c751e8b465ee728b)
Start importing Assets/Prefabs/Obstacles/obstacle5.prefab using Guid(210ffbb1a454a1b4d859951b96550648) Importer(815301076,1909f56bfc062723c751e8b465ee728b)  -> (artifact id: '15be879f241c75619da9f71b1fc70852') in 0.044273 seconds 
  Import took 0.048694 seconds .

========================================================================
Received Import Request.
  Time since last request: 0.000249 seconds.
  path: Assets/Prefabs/Obstacles/obstacles6.prefab
  artifactKey: Guid(eceeb88ebb18e614396e3af014412226) Importer(815301076,1909f56bfc062723c751e8b465ee728b)
Start importing Assets/Prefabs/Obstacles/obstacles6.prefab using Guid(eceeb88ebb18e614396e3af014412226) Importer(815301076,1909f56bfc062723c751e8b465ee728b)  -> (artifact id: '7d660bc80b31ecdab848ee2d786ec35d') in 0.048058 seconds 
  Import took 0.052827 seconds .

========================================================================
Received Import Request.
  Time since last request: 2.948107 seconds.
  path: Assets/Prefabs/Obstacles/Crate_1.prefab
  artifactKey: Guid(182976a30d0f87743b338e4a4b6e053a) Importer(815301076,1909f56bfc062723c751e8b465ee728b)
Start importing Assets/Prefabs/Obstacles/Crate_1.prefab using Guid(182976a30d0f87743b338e4a4b6e053a) Importer(815301076,1909f56bfc062723c751e8b465ee728b)  -> (artifact id: '60a9e4eb9e25351c703aeaff953524c1') in 0.031262 seconds 
  Import took 0.034703 seconds .

========================================================================
Received Import Request.
  Time since last request: 0.000224 seconds.
  path: Assets/Prefabs/Obstacles/obstacles8.prefab
  artifactKey: Guid(8c1378f90d8271245833b4bfb83bf261) Importer(815301076,1909f56bfc062723c751e8b465ee728b)
Start importing Assets/Prefabs/Obstacles/obstacles8.prefab using Guid(8c1378f90d8271245833b4bfb83bf261) Importer(815301076,1909f56bfc062723c751e8b465ee728b)  -> (artifact id: '0ca8101c95ba933ed210e4574771db91') in 0.044148 seconds 
  Import took 0.048522 seconds .

========================================================================
Received Import Request.
  Time since last request: 0.000211 seconds.
  path: Assets/Prefabs/Obstacles/obstacles7.prefab
  artifactKey: Guid(b3bdd167d66c2cb4796c8d4730313e96) Importer(815301076,1909f56bfc062723c751e8b465ee728b)
Start importing Assets/Prefabs/Obstacles/obstacles7.prefab using Guid(b3bdd167d66c2cb4796c8d4730313e96) Importer(815301076,1909f56bfc062723c751e8b465ee728b)  -> (artifact id: '38fe964f963e6d701ea1fddc45088653') in 0.044330 seconds 
  Import took 0.048594 seconds .

========================================================================
Received Import Request.
  Time since last request: 0.000236 seconds.
  path: Assets/Prefabs/Obstacles/obstacle5.prefab
  artifactKey: Guid(210ffbb1a454a1b4d859951b96550648) Importer(815301076,1909f56bfc062723c751e8b465ee728b)
Start importing Assets/Prefabs/Obstacles/obstacle5.prefab using Guid(210ffbb1a454a1b4d859951b96550648) Importer(815301076,1909f56bfc062723c751e8b465ee728b)  -> (artifact id: 'a6d637ce230039caf1d81a133f790030') in 0.042010 seconds 
  Import took 0.046454 seconds .

========================================================================
Received Import Request.
  Time since last request: 0.000267 seconds.
  path: Assets/Prefabs/Obstacles/obstacles6.prefab
  artifactKey: Guid(eceeb88ebb18e614396e3af014412226) Importer(815301076,1909f56bfc062723c751e8b465ee728b)
Start importing Assets/Prefabs/Obstacles/obstacles6.prefab using Guid(eceeb88ebb18e614396e3af014412226) Importer(815301076,1909f56bfc062723c751e8b465ee728b)  -> (artifact id: '1e546aa0a7634f2481a8190b14fa05c6') in 0.042388 seconds 
  Import took 0.047126 seconds .

========================================================================
Received Import Request.
  Time since last request: 0.001580 seconds.
  path: Assets/Prefabs/Obstacles/obstacles6.prefab
  artifactKey: Guid(eceeb88ebb18e614396e3af014412226) Importer(815301076,1909f56bfc062723c751e8b465ee728b)
Start importing Assets/Prefabs/Obstacles/obstacles6.prefab using Guid(eceeb88ebb18e614396e3af014412226) Importer(815301076,1909f56bfc062723c751e8b465ee728b)  -> (artifact id: '1e546aa0a7634f2481a8190b14fa05c6') in 0.042831 seconds 
  Import took 0.047237 seconds .

========================================================================
Received Import Request.
  Time since last request: 2.620993 seconds.
  path: Assets/Prefabs/Obstacles/Crate_2.prefab
  artifactKey: Guid(23aa41fe7f4116348bd03f938098ae29) Importer(815301076,1909f56bfc062723c751e8b465ee728b)
Start importing Assets/Prefabs/Obstacles/Crate_2.prefab using Guid(23aa41fe7f4116348bd03f938098ae29) Importer(815301076,1909f56bfc062723c751e8b465ee728b)  -> (artifact id: 'ea7f239c7d6e6f5543ba71075118759a') in 0.028952 seconds 
  Import took 0.032615 seconds .

========================================================================
Received Import Request.
  Time since last request: 0.000400 seconds.
  path: Assets/Prefabs/Obstacles/obstacles8.prefab
  artifactKey: Guid(8c1378f90d8271245833b4bfb83bf261) Importer(815301076,1909f56bfc062723c751e8b465ee728b)
Start importing Assets/Prefabs/Obstacles/obstacles8.prefab using Guid(8c1378f90d8271245833b4bfb83bf261) Importer(815301076,1909f56bfc062723c751e8b465ee728b)  -> (artifact id: '4b6d1048628afd0cb1dd786fc6157482') in 0.044109 seconds 
  Import took 0.049978 seconds .

========================================================================
Received Import Request.
  Time since last request: 0.000238 seconds.
  path: Assets/Prefabs/Obstacles/obstacles7.prefab
  artifactKey: Guid(b3bdd167d66c2cb4796c8d4730313e96) Importer(815301076,1909f56bfc062723c751e8b465ee728b)
Start importing Assets/Prefabs/Obstacles/obstacles7.prefab using Guid(b3bdd167d66c2cb4796c8d4730313e96) Importer(815301076,1909f56bfc062723c751e8b465ee728b)  -> (artifact id: '0db5a93d28ae71286f62840e75833fab') in 0.043634 seconds 
  Import took 0.048628 seconds .

========================================================================
Received Import Request.
  Time since last request: 0.000802 seconds.
  path: Assets/Prefabs/Obstacles/obstacle5.prefab
  artifactKey: Guid(210ffbb1a454a1b4d859951b96550648) Importer(815301076,1909f56bfc062723c751e8b465ee728b)
Start importing Assets/Prefabs/Obstacles/obstacle5.prefab using Guid(210ffbb1a454a1b4d859951b96550648) Importer(815301076,1909f56bfc062723c751e8b465ee728b)  -> (artifact id: '6e5c9c86ef04f822deb8f5067419e5fd') in 0.045825 seconds 
  Import took 0.050924 seconds .

========================================================================
Received Import Request.
  Time since last request: 0.000230 seconds.
  path: Assets/Prefabs/Obstacles/obstacles6.prefab
  artifactKey: Guid(eceeb88ebb18e614396e3af014412226) Importer(815301076,1909f56bfc062723c751e8b465ee728b)
Start importing Assets/Prefabs/Obstacles/obstacles6.prefab using Guid(eceeb88ebb18e614396e3af014412226) Importer(815301076,1909f56bfc062723c751e8b465ee728b)  -> (artifact id: '149d9728a497f9d86d1e7e6202b62b18') in 0.042618 seconds 
  Import took 0.047025 seconds .

========================================================================
Received Import Request.
  Time since last request: 0.997336 seconds.
  path: Assets/Prefabs/Obstacles/Crate_2.prefab
  artifactKey: Guid(23aa41fe7f4116348bd03f938098ae29) Importer(815301076,1909f56bfc062723c751e8b465ee728b)
Start importing Assets/Prefabs/Obstacles/Crate_2.prefab using Guid(23aa41fe7f4116348bd03f938098ae29) Importer(815301076,1909f56bfc062723c751e8b465ee728b)  -> (artifact id: 'c9b4ee766779358ef62fe99261a27b2a') in 0.029237 seconds 
  Import took 0.032667 seconds .

========================================================================
Received Import Request.
  Time since last request: 0.000233 seconds.
  path: Assets/Prefabs/Obstacles/obstacles8.prefab
  artifactKey: Guid(8c1378f90d8271245833b4bfb83bf261) Importer(815301076,1909f56bfc062723c751e8b465ee728b)
Start importing Assets/Prefabs/Obstacles/obstacles8.prefab using Guid(8c1378f90d8271245833b4bfb83bf261) Importer(815301076,1909f56bfc062723c751e8b465ee728b)  -> (artifact id: 'c825f131159aee2fe990952a933d8662') in 0.047416 seconds 
  Import took 0.052838 seconds .

========================================================================
Received Import Request.
  Time since last request: 0.000287 seconds.
  path: Assets/Prefabs/Obstacles/obstacles7.prefab
  artifactKey: Guid(b3bdd167d66c2cb4796c8d4730313e96) Importer(815301076,1909f56bfc062723c751e8b465ee728b)
Start importing Assets/Prefabs/Obstacles/obstacles7.prefab using Guid(b3bdd167d66c2cb4796c8d4730313e96) Importer(815301076,1909f56bfc062723c751e8b465ee728b)  -> (artifact id: 'afef9366cda0b91a9e03a7a4a4ce1fa5') in 0.044350 seconds 
  Import took 0.049269 seconds .

========================================================================
Received Import Request.
  Time since last request: 0.000251 seconds.
  path: Assets/Prefabs/Obstacles/obstacle5.prefab
  artifactKey: Guid(210ffbb1a454a1b4d859951b96550648) Importer(815301076,1909f56bfc062723c751e8b465ee728b)
Start importing Assets/Prefabs/Obstacles/obstacle5.prefab using Guid(210ffbb1a454a1b4d859951b96550648) Importer(815301076,1909f56bfc062723c751e8b465ee728b)  -> (artifact id: 'b0fc262bd68027791f7cfae7374c58c8') in 0.046202 seconds 
  Import took 0.050579 seconds .

========================================================================
Received Import Request.
  Time since last request: 0.000310 seconds.
  path: Assets/Prefabs/Obstacles/obstacles6.prefab
  artifactKey: Guid(eceeb88ebb18e614396e3af014412226) Importer(815301076,1909f56bfc062723c751e8b465ee728b)
Start importing Assets/Prefabs/Obstacles/obstacles6.prefab using Guid(eceeb88ebb18e614396e3af014412226) Importer(815301076,1909f56bfc062723c751e8b465ee728b)  -> (artifact id: '35fb17889452abdf982b01999376e759') in 0.043391 seconds 
  Import took 0.047810 seconds .

========================================================================
Received Import Request.
  Time since last request: 2.380203 seconds.
  path: Assets/Prefabs/Obstacles/Crate_2.prefab
  artifactKey: Guid(23aa41fe7f4116348bd03f938098ae29) Importer(815301076,1909f56bfc062723c751e8b465ee728b)
Start importing Assets/Prefabs/Obstacles/Crate_2.prefab using Guid(23aa41fe7f4116348bd03f938098ae29) Importer(815301076,1909f56bfc062723c751e8b465ee728b)  -> (artifact id: 'b5f4614e0e200f1744dc6cf166c08eb3') in 0.027556 seconds 
  Import took 0.030936 seconds .

========================================================================
Received Import Request.
  Time since last request: 0.000232 seconds.
  path: Assets/Prefabs/Obstacles/obstacles8.prefab
  artifactKey: Guid(8c1378f90d8271245833b4bfb83bf261) Importer(815301076,1909f56bfc062723c751e8b465ee728b)
Start importing Assets/Prefabs/Obstacles/obstacles8.prefab using Guid(8c1378f90d8271245833b4bfb83bf261) Importer(815301076,1909f56bfc062723c751e8b465ee728b)  -> (artifact id: '65e303be7b2ca4265882280ef62a8784') in 0.043888 seconds 
  Import took 0.048240 seconds .

========================================================================
Received Import Request.
  Time since last request: 0.000238 seconds.
  path: Assets/Prefabs/Obstacles/obstacles7.prefab
  artifactKey: Guid(b3bdd167d66c2cb4796c8d4730313e96) Importer(815301076,1909f56bfc062723c751e8b465ee728b)
Start importing Assets/Prefabs/Obstacles/obstacles7.prefab using Guid(b3bdd167d66c2cb4796c8d4730313e96) Importer(815301076,1909f56bfc062723c751e8b465ee728b)  -> (artifact id: '2e446ce37534965087ef3cfe7f6aea89') in 0.047833 seconds 
  Import took 0.053071 seconds .

========================================================================
Received Import Request.
  Time since last request: 0.000237 seconds.
  path: Assets/Prefabs/Obstacles/obstacle5.prefab
  artifactKey: Guid(210ffbb1a454a1b4d859951b96550648) Importer(815301076,1909f56bfc062723c751e8b465ee728b)
Start importing Assets/Prefabs/Obstacles/obstacle5.prefab using Guid(210ffbb1a454a1b4d859951b96550648) Importer(815301076,1909f56bfc062723c751e8b465ee728b)  -> (artifact id: 'd3a5d2bdd36780c82210e80f182548b2') in 0.047668 seconds 
  Import took 0.052170 seconds .

========================================================================
Received Import Request.
  Time since last request: 0.000237 seconds.
  path: Assets/Prefabs/Obstacles/obstacles6.prefab
  artifactKey: Guid(eceeb88ebb18e614396e3af014412226) Importer(815301076,1909f56bfc062723c751e8b465ee728b)
Start importing Assets/Prefabs/Obstacles/obstacles6.prefab using Guid(eceeb88ebb18e614396e3af014412226) Importer(815301076,1909f56bfc062723c751e8b465ee728b)  -> (artifact id: '98f36c19b4cd39447a29d0b303f6a31f') in 0.045881 seconds 
  Import took 0.050244 seconds .

========================================================================
Received Import Request.
  Time since last request: 4.607963 seconds.
  path: Assets/Prefabs/Obstacles/obstacle1.prefab
  artifactKey: Guid(f282c1c28cc33b744a2ab3348a607f58) Importer(815301076,1909f56bfc062723c751e8b465ee728b)
Start importing Assets/Prefabs/Obstacles/obstacle1.prefab using Guid(f282c1c28cc33b744a2ab3348a607f58) Importer(815301076,1909f56bfc062723c751e8b465ee728b)  -> (artifact id: 'd821aa543c0211cafa4f24b5ef75d911') in 0.045203 seconds 
  Import took 0.049953 seconds .

========================================================================
Received Import Request.
  Time since last request: 5.563223 seconds.
  path: Assets/Prefabs/Obstacles/obstacle4.prefab
  artifactKey: Guid(f5656c6334d95754a82ade48f5fd1bc6) Importer(815301076,1909f56bfc062723c751e8b465ee728b)
Start importing Assets/Prefabs/Obstacles/obstacle4.prefab using Guid(f5656c6334d95754a82ade48f5fd1bc6) Importer(815301076,1909f56bfc062723c751e8b465ee728b)  -> (artifact id: 'f7f86655d30d3b2dd329898d2cf359bc') in 0.040491 seconds 
  Import took 0.045170 seconds .

========================================================================
Received Import Request.
  Time since last request: 0.019404 seconds.
  path: Assets/Prefabs/Obstacles/obstacle4.prefab
  artifactKey: Guid(f5656c6334d95754a82ade48f5fd1bc6) Importer(815301076,1909f56bfc062723c751e8b465ee728b)
Start importing Assets/Prefabs/Obstacles/obstacle4.prefab using Guid(f5656c6334d95754a82ade48f5fd1bc6) Importer(815301076,1909f56bfc062723c751e8b465ee728b)  -> (artifact id: 'f7f86655d30d3b2dd329898d2cf359bc') in 0.045088 seconds 
  Import took 0.050050 seconds .

========================================================================
Received Import Request.
  Time since last request: 3.130906 seconds.
  path: Assets/Prefabs/Obstacles/obstacle5.prefab
  artifactKey: Guid(210ffbb1a454a1b4d859951b96550648) Importer(815301076,1909f56bfc062723c751e8b465ee728b)
Start importing Assets/Prefabs/Obstacles/obstacle5.prefab using Guid(210ffbb1a454a1b4d859951b96550648) Importer(815301076,1909f56bfc062723c751e8b465ee728b)  -> (artifact id: '8fed872b6c96757e4221d191b829dcd7') in 0.041143 seconds 
  Import took 0.045760 seconds .

========================================================================
Received Import Request.
  Time since last request: 0.020761 seconds.
  path: Assets/Prefabs/Obstacles/obstacle5.prefab
  artifactKey: Guid(210ffbb1a454a1b4d859951b96550648) Importer(815301076,1909f56bfc062723c751e8b465ee728b)
Start importing Assets/Prefabs/Obstacles/obstacle5.prefab using Guid(210ffbb1a454a1b4d859951b96550648) Importer(815301076,1909f56bfc062723c751e8b465ee728b)  -> (artifact id: '8fed872b6c96757e4221d191b829dcd7') in 0.045138 seconds 
  Import took 0.049827 seconds .

========================================================================
Received Import Request.
  Time since last request: 2.902983 seconds.
  path: Assets/Prefabs/Obstacles/obstacles2.prefab
  artifactKey: Guid(80b05f2e08a2b7c49a94899d2f27a62c) Importer(815301076,1909f56bfc062723c751e8b465ee728b)
Start importing Assets/Prefabs/Obstacles/obstacles2.prefab using Guid(80b05f2e08a2b7c49a94899d2f27a62c) Importer(815301076,1909f56bfc062723c751e8b465ee728b)  -> (artifact id: '073e1079e9435f8f78538e82e53ff24b') in 0.041798 seconds 
  Import took 0.046306 seconds .

========================================================================
Received Import Request.
  Time since last request: 0.017243 seconds.
  path: Assets/Prefabs/Obstacles/obstacles2.prefab
  artifactKey: Guid(80b05f2e08a2b7c49a94899d2f27a62c) Importer(815301076,1909f56bfc062723c751e8b465ee728b)
Start importing Assets/Prefabs/Obstacles/obstacles2.prefab using Guid(80b05f2e08a2b7c49a94899d2f27a62c) Importer(815301076,1909f56bfc062723c751e8b465ee728b)  -> (artifact id: '073e1079e9435f8f78538e82e53ff24b') in 0.046779 seconds 
  Import took 0.052764 seconds .

========================================================================
Received Import Request.
  Time since last request: 2.503439 seconds.
  path: Assets/Prefabs/Obstacles/obstacles3.prefab
  artifactKey: Guid(d72c8fb4436ab0b4199ad04cb68ec843) Importer(815301076,1909f56bfc062723c751e8b465ee728b)
Start importing Assets/Prefabs/Obstacles/obstacles3.prefab using Guid(d72c8fb4436ab0b4199ad04cb68ec843) Importer(815301076,1909f56bfc062723c751e8b465ee728b)  -> (artifact id: 'c8a62cf1ef87b2c14b1d575ba0eea05a') in 0.042190 seconds 
  Import took 0.046917 seconds .

========================================================================
Received Import Request.
  Time since last request: 7.440743 seconds.
  path: Assets/Prefabs/Obstacles/obstacles6.prefab
  artifactKey: Guid(eceeb88ebb18e614396e3af014412226) Importer(815301076,1909f56bfc062723c751e8b465ee728b)
Start importing Assets/Prefabs/Obstacles/obstacles6.prefab using Guid(eceeb88ebb18e614396e3af014412226) Importer(815301076,1909f56bfc062723c751e8b465ee728b)  -> (artifact id: 'b67b3e6f55bf7d382c501980cc0bcd53') in 0.040943 seconds 
  Import took 0.045315 seconds .

========================================================================
Received Import Request.
  Time since last request: 3.085095 seconds.
  path: Assets/Prefabs/Obstacles/obstacles7.prefab
  artifactKey: Guid(b3bdd167d66c2cb4796c8d4730313e96) Importer(815301076,1909f56bfc062723c751e8b465ee728b)
Start importing Assets/Prefabs/Obstacles/obstacles7.prefab using Guid(b3bdd167d66c2cb4796c8d4730313e96) Importer(815301076,1909f56bfc062723c751e8b465ee728b)  -> (artifact id: 'fc59843f2b86aeda9d13b1ea77a3d85e') in 0.039611 seconds 
  Import took 0.044386 seconds .

========================================================================
Received Import Request.
  Time since last request: 0.020074 seconds.
  path: Assets/Prefabs/Obstacles/obstacles7.prefab
  artifactKey: Guid(b3bdd167d66c2cb4796c8d4730313e96) Importer(815301076,1909f56bfc062723c751e8b465ee728b)
Start importing Assets/Prefabs/Obstacles/obstacles7.prefab using Guid(b3bdd167d66c2cb4796c8d4730313e96) Importer(815301076,1909f56bfc062723c751e8b465ee728b)  -> (artifact id: 'fc59843f2b86aeda9d13b1ea77a3d85e') in 0.042603 seconds 
  Import took 0.047458 seconds .

========================================================================
Received Import Request.
  Time since last request: 5.308088 seconds.
  path: Assets/Prefabs/Obstacles/obstacles8.prefab
  artifactKey: Guid(8c1378f90d8271245833b4bfb83bf261) Importer(815301076,1909f56bfc062723c751e8b465ee728b)
Start importing Assets/Prefabs/Obstacles/obstacles8.prefab using Guid(8c1378f90d8271245833b4bfb83bf261) Importer(815301076,1909f56bfc062723c751e8b465ee728b)  -> (artifact id: '577e354f81e1be61b5af8d752af63a0f') in 0.040075 seconds 
  Import took 0.044642 seconds .

========================================================================
Received Prepare
Registering precompiled user dll's ...
Registered in 0.014524 seconds.
Begin MonoManager ReloadAssembly
Native extension for WindowsStandalone target not found
Refreshing native plugins compatible for Editor in 0.47 ms, found 2 plugins.
Preloading 0 native plugins for Editor in 0.00 ms.
Mono: successfully reloaded assembly
- Completed reload, in  1.366 seconds
Domain Reload Profiling:
	ReloadAssembly (1366ms)
		BeginReloadAssembly (189ms)
			ExecutionOrderSort (0ms)
			DisableScriptedObjects (4ms)
			BackupInstance (0ms)
			ReleaseScriptingObjects (0ms)
			CreateAndSetChildDomain (30ms)
		EndReloadAssembly (1054ms)
			LoadAssemblies (184ms)
			RebuildTransferFunctionScriptingTraits (0ms)
			SetupTypeCache (293ms)
			ReleaseScriptCaches (1ms)
			RebuildScriptCaches (40ms)
			SetupLoadedEditorAssemblies (477ms)
				LogAssemblyErrors (0ms)
				InitializePlatformSupportModulesInManaged (7ms)
				SetLoadedEditorAssemblies (0ms)
				RefreshPlugins (1ms)
				BeforeProcessingInitializeOnLoad (125ms)
				ProcessInitializeOnLoadAttributes (305ms)
				ProcessInitializeOnLoadMethodAttributes (4ms)
				AfterProcessingInitializeOnLoad (36ms)
				EditorAssembliesLoaded (0ms)
			ExecutionOrderSort2 (0ms)
			AwakeInstancesAfterBackupRestoration (6ms)
Platform modules already initialized, skipping
Refreshing native plugins compatible for Editor in 0.44 ms, found 2 plugins.
Preloading 0 native plugins for Editor in 0.00 ms.
Unloading 1547 Unused Serialized files (Serialized files now loaded: 0)
System memory in use before: 130.5 MB.
System memory in use after: 130.6 MB.

Unloading 14 unused Assets to reduce memory usage. Loaded Objects now: 2021.
Total: 3.229300 ms (FindLiveObjects: 0.284500 ms CreateObjectMapping: 0.038200 ms MarkObjects: 2.881700 ms  DeleteObjects: 0.023600 ms)

AssetImportParameters requested are different than current active one (requested -> active):
  custom:framework-win-MediaFoundation: 216162199b28c13a410421893ffa2e32 -> 
  custom:video-decoder-ogg-theora: a1e56fd34408186e4bbccfd4996cb3dc -> 
  custom:container-muxer-webm: aa71ff27fc2769a1b78a27578f13a17b -> 
  custom:container-demuxer-webm: 4f35f7cbe854078d1ac9338744f61a02 -> 
  custom:container-demuxer-ogg: 62fdf1f143b41e24485cea50d1cbac27 -> 
  custom:video-encoder-webm-vp8: eb34c28f22e8b96e1ab97ce403110664 -> 
  custom:video-decoder-webm-vp8: 9c59270c3fd7afecdb556c50c9e8de78 -> 
  custom:audio-decoder-ogg-vorbis: bf7c407c2cedff20999df2af8eb42d56 -> 
  custom:audio-encoder-webm-vorbis: bf7c407c2cedff20999df2af8eb42d56 -> 
AssetImportWorkerClient::OnTransportError - code=2 error=End of file
